2002.01.12 18:50 B D:\java\projects\MEMORY\javadocs\de\a46\memory\DelayInvokator.html --> www.a46.de /erinnerung/doc/de/a46/memory DelayInvokator.html
2002.01.12 18:50 B D:\java\projects\MEMORY\javadocs\de\a46\memory\Game.html --> www.a46.de /erinnerung/doc/de/a46/memory Game.html
2002.01.12 18:50 B D:\java\projects\MEMORY\javadocs\de\a46\memory\Loader.html --> www.a46.de /erinnerung/doc/de/a46/memory Loader.html
2002.01.12 18:50 B D:\java\projects\MEMORY\javadocs\de\a46\memory\LoadEvent.html --> www.a46.de /erinnerung/doc/de/a46/memory LoadEvent.html
2002.01.12 18:50 B D:\java\projects\MEMORY\javadocs\de\a46\memory\LoadListener.html --> www.a46.de /erinnerung/doc/de/a46/memory LoadListener.html
2002.01.12 18:50 B D:\java\projects\MEMORY\javadocs\de\a46\memory\MGUI.html --> www.a46.de /erinnerung/doc/de/a46/memory MGUI.html
2002.01.12 18:50 B D:\java\projects\MEMORY\javadocs\de\a46\memory\MProperties.html --> www.a46.de /erinnerung/doc/de/a46/memory MProperties.html
2002.01.12 18:50 B D:\java\projects\MEMORY\javadocs\de\a46\memory\MultimediaProvider.html --> www.a46.de /erinnerung/doc/de/a46/memory MultimediaProvider.html
2002.01.12 18:50 B D:\java\projects\MEMORY\javadocs\de\a46\memory\Multimedias.html --> www.a46.de /erinnerung/doc/de/a46/memory Multimedias.html
2002.01.12 18:50 B D:\java\projects\MEMORY\javadocs\de\a46\memory\package-frame.html --> www.a46.de /erinnerung/doc/de/a46/memory package-frame.html
2002.01.12 18:50 B D:\java\projects\MEMORY\javadocs\de\a46\memory\package-summary.html --> www.a46.de /erinnerung/doc/de/a46/memory package-summary.html
2002.01.12 18:50 B D:\java\projects\MEMORY\javadocs\de\a46\memory\package-tree.html --> www.a46.de /erinnerung/doc/de/a46/memory package-tree.html
2002.01.12 18:50 B D:\java\projects\MEMORY\javadocs\de\a46\memory\ParameterProvider.html --> www.a46.de /erinnerung/doc/de/a46/memory ParameterProvider.html
2002.01.12 18:50 B D:\java\projects\MEMORY\javadocs\de\a46\memory\Starter.html --> www.a46.de /erinnerung/doc/de/a46/memory Starter.html
2002.01.12 18:50 B D:\java\projects\MEMORY\javadocs\de\a46\memory\TextGetter.html --> www.a46.de /erinnerung/doc/de/a46/memory TextGetter.html
2002.01.12 18:50 B D:\java\projects\MEMORY\javadocs\de\a46\memory\UserActionListener.html --> www.a46.de /erinnerung/doc/de/a46/memory UserActionListener.html
2002.01.12 19:11 B D:\java\projects\MEMORY\javadocs\de\a46\memory\UserActionListener.html --> www.a46.de /Erinnerung/doc/de/a46/memory UserActionListener.html
2002.01.12 19:11 B D:\java\projects\MEMORY\javadocs\de\a46\memory\TextGetter.html --> www.a46.de /Erinnerung/doc/de/a46/memory TextGetter.html
2002.01.12 19:11 B D:\java\projects\MEMORY\javadocs\de\a46\memory\Starter.html --> www.a46.de /Erinnerung/doc/de/a46/memory Starter.html
2002.01.12 19:11 B D:\java\projects\MEMORY\javadocs\de\a46\memory\ParameterProvider.html --> www.a46.de /Erinnerung/doc/de/a46/memory ParameterProvider.html
2002.01.12 19:11 B D:\java\projects\MEMORY\javadocs\de\a46\memory\package-tree.html --> www.a46.de /Erinnerung/doc/de/a46/memory package-tree.html
2002.01.12 19:11 B D:\java\projects\MEMORY\javadocs\de\a46\memory\package-summary.html --> www.a46.de /Erinnerung/doc/de/a46/memory package-summary.html
2002.01.12 19:11 B D:\java\projects\MEMORY\javadocs\de\a46\memory\package-frame.html --> www.a46.de /Erinnerung/doc/de/a46/memory package-frame.html
2002.01.12 19:11 B D:\java\projects\MEMORY\javadocs\de\a46\memory\Multimedias.html --> www.a46.de /Erinnerung/doc/de/a46/memory Multimedias.html
2002.01.12 19:11 B D:\java\projects\MEMORY\javadocs\de\a46\memory\MultimediaProvider.html --> www.a46.de /Erinnerung/doc/de/a46/memory MultimediaProvider.html
2002.01.12 19:11 B D:\java\projects\MEMORY\javadocs\de\a46\memory\MProperties.html --> www.a46.de /Erinnerung/doc/de/a46/memory MProperties.html
2002.01.12 19:11 B D:\java\projects\MEMORY\javadocs\de\a46\memory\MGUI.html --> www.a46.de /Erinnerung/doc/de/a46/memory MGUI.html
2002.01.12 19:11 B D:\java\projects\MEMORY\javadocs\de\a46\memory\LoadListener.html --> www.a46.de /Erinnerung/doc/de/a46/memory LoadListener.html
2002.01.12 19:11 B D:\java\projects\MEMORY\javadocs\de\a46\memory\LoadEvent.html --> www.a46.de /Erinnerung/doc/de/a46/memory LoadEvent.html
2002.01.12 19:11 B D:\java\projects\MEMORY\javadocs\de\a46\memory\Loader.html --> www.a46.de /Erinnerung/doc/de/a46/memory Loader.html
2002.01.12 19:11 B D:\java\projects\MEMORY\javadocs\de\a46\memory\Game.html --> www.a46.de /Erinnerung/doc/de/a46/memory Game.html
2002.01.12 19:11 B D:\java\projects\MEMORY\javadocs\de\a46\memory\DelayInvokator.html --> www.a46.de /Erinnerung/doc/de/a46/memory DelayInvokator.html
2002.01.12 19:11 B D:\java\projects\MEMORY\javadocs\de\a46\memory\WS_FTP.LOG --> www.a46.de /Erinnerung/doc/de/a46/memory WS_FTP.LOG
2002.01.12 20:22 B D:\java\projects\MEMORY\javadocs\de\a46\memory\DelayInvokator.html --> www.a46.de /erinnerung/doc/de/a46/memory DelayInvokator.html
2002.01.12 20:22 B D:\java\projects\MEMORY\javadocs\de\a46\memory\Game.html --> www.a46.de /erinnerung/doc/de/a46/memory Game.html
2002.01.12 20:22 B D:\java\projects\MEMORY\javadocs\de\a46\memory\Loader.html --> www.a46.de /erinnerung/doc/de/a46/memory Loader.html
2002.01.12 20:22 B D:\java\projects\MEMORY\javadocs\de\a46\memory\LoadEvent.html --> www.a46.de /erinnerung/doc/de/a46/memory LoadEvent.html
2002.01.12 20:22 B D:\java\projects\MEMORY\javadocs\de\a46\memory\LoadListener.html --> www.a46.de /erinnerung/doc/de/a46/memory LoadListener.html
2002.01.12 20:22 B D:\java\projects\MEMORY\javadocs\de\a46\memory\MGUI.html --> www.a46.de /erinnerung/doc/de/a46/memory MGUI.html
2002.01.12 20:22 B D:\java\projects\MEMORY\javadocs\de\a46\memory\MProperties.html --> www.a46.de /erinnerung/doc/de/a46/memory MProperties.html
2002.01.12 20:22 B D:\java\projects\MEMORY\javadocs\de\a46\memory\MultimediaProvider.html --> www.a46.de /erinnerung/doc/de/a46/memory MultimediaProvider.html
2002.01.12 20:22 B D:\java\projects\MEMORY\javadocs\de\a46\memory\Multimedias.html --> www.a46.de /erinnerung/doc/de/a46/memory Multimedias.html
2002.01.12 20:22 B D:\java\projects\MEMORY\javadocs\de\a46\memory\package-frame.html --> www.a46.de /erinnerung/doc/de/a46/memory package-frame.html
2002.01.12 20:22 B D:\java\projects\MEMORY\javadocs\de\a46\memory\package-summary.html --> www.a46.de /erinnerung/doc/de/a46/memory package-summary.html
2002.01.12 20:22 B D:\java\projects\MEMORY\javadocs\de\a46\memory\package-tree.html --> www.a46.de /erinnerung/doc/de/a46/memory package-tree.html
2002.01.12 20:22 B D:\java\projects\MEMORY\javadocs\de\a46\memory\ParameterProvider.html --> www.a46.de /erinnerung/doc/de/a46/memory ParameterProvider.html
2002.01.12 20:22 B D:\java\projects\MEMORY\javadocs\de\a46\memory\Starter.html --> www.a46.de /erinnerung/doc/de/a46/memory Starter.html
2002.01.12 20:22 B D:\java\projects\MEMORY\javadocs\de\a46\memory\TextGetter.html --> www.a46.de /erinnerung/doc/de/a46/memory TextGetter.html
2002.01.12 20:22 B D:\java\projects\MEMORY\javadocs\de\a46\memory\UserActionListener.html --> www.a46.de /erinnerung/doc/de/a46/memory UserActionListener.html
2002.01.12 20:22 B D:\java\projects\MEMORY\javadocs\de\a46\memory\WS_FTP.LOG --> www.a46.de /erinnerung/doc/de/a46/memory WS_FTP.LOG
2002.01.18 15:30 B D:\java\projects\MEMORY\javadocs\de\a46\memory\DelayInvokator.html --> www.a46.de /erinnerung/doc/de/a46/memory DelayInvokator.html
2002.01.18 15:30 B D:\java\projects\MEMORY\javadocs\de\a46\memory\Game.html --> www.a46.de /erinnerung/doc/de/a46/memory Game.html
2002.01.18 15:30 B D:\java\projects\MEMORY\javadocs\de\a46\memory\Loader.html --> www.a46.de /erinnerung/doc/de/a46/memory Loader.html
2002.01.18 15:30 B D:\java\projects\MEMORY\javadocs\de\a46\memory\LoadEvent.html --> www.a46.de /erinnerung/doc/de/a46/memory LoadEvent.html
2002.01.18 15:30 B D:\java\projects\MEMORY\javadocs\de\a46\memory\LoadListener.html --> www.a46.de /erinnerung/doc/de/a46/memory LoadListener.html
2002.01.18 15:30 B D:\java\projects\MEMORY\javadocs\de\a46\memory\MGUI.html --> www.a46.de /erinnerung/doc/de/a46/memory MGUI.html
2002.01.18 15:30 B D:\java\projects\MEMORY\javadocs\de\a46\memory\MProperties.html --> www.a46.de /erinnerung/doc/de/a46/memory MProperties.html
2002.01.18 15:30 B D:\java\projects\MEMORY\javadocs\de\a46\memory\MultimediaProvider.html --> www.a46.de /erinnerung/doc/de/a46/memory MultimediaProvider.html
2002.01.18 15:30 B D:\java\projects\MEMORY\javadocs\de\a46\memory\Multimedias.html --> www.a46.de /erinnerung/doc/de/a46/memory Multimedias.html
2002.01.18 15:30 B D:\java\projects\MEMORY\javadocs\de\a46\memory\package-frame.html --> www.a46.de /erinnerung/doc/de/a46/memory package-frame.html
2002.01.18 15:30 B D:\java\projects\MEMORY\javadocs\de\a46\memory\package-summary.html --> www.a46.de /erinnerung/doc/de/a46/memory package-summary.html
2002.01.18 15:30 B D:\java\projects\MEMORY\javadocs\de\a46\memory\package-tree.html --> www.a46.de /erinnerung/doc/de/a46/memory package-tree.html
2002.01.18 15:30 B D:\java\projects\MEMORY\javadocs\de\a46\memory\ParameterProvider.html --> www.a46.de /erinnerung/doc/de/a46/memory ParameterProvider.html
2002.01.18 15:30 B D:\java\projects\MEMORY\javadocs\de\a46\memory\Starter.html --> www.a46.de /erinnerung/doc/de/a46/memory Starter.html
2002.01.18 15:30 B D:\java\projects\MEMORY\javadocs\de\a46\memory\TextGetter.html --> www.a46.de /erinnerung/doc/de/a46/memory TextGetter.html
2002.01.18 15:30 B D:\java\projects\MEMORY\javadocs\de\a46\memory\UserActionListener.html --> www.a46.de /erinnerung/doc/de/a46/memory UserActionListener.html
2002.01.18 15:30 B D:\java\projects\MEMORY\javadocs\de\a46\memory\WS_FTP.LOG --> www.a46.de /erinnerung/doc/de/a46/memory WS_FTP.LOG
2002.06.28 22:00 B D:\java\projects\MEMORY\v_1.0\doc\de\a46\memory\WS_FTP.LOG <-- kinnlade /erinnerung/doc/de/a46/memory WS_FTP.LOG
2002.06.29 00:01 B C:\Programme\Apache Group\Apache\htdocs\erinnerung\doc\de\a46\memory\DelayInvokator.html --> www.kinnla.de /debug/doc/de/a46/memory DelayInvokator.html
2002.06.29 00:01 B C:\Programme\Apache Group\Apache\htdocs\erinnerung\doc\de\a46\memory\Game.html --> www.kinnla.de /debug/doc/de/a46/memory Game.html
2002.06.29 00:01 B C:\Programme\Apache Group\Apache\htdocs\erinnerung\doc\de\a46\memory\Loader.html --> www.kinnla.de /debug/doc/de/a46/memory Loader.html
2002.06.29 00:01 B C:\Programme\Apache Group\Apache\htdocs\erinnerung\doc\de\a46\memory\LoadEvent.html --> www.kinnla.de /debug/doc/de/a46/memory LoadEvent.html
2002.06.29 00:01 B C:\Programme\Apache Group\Apache\htdocs\erinnerung\doc\de\a46\memory\LoadListener.html --> www.kinnla.de /debug/doc/de/a46/memory LoadListener.html
2002.06.29 00:01 B C:\Programme\Apache Group\Apache\htdocs\erinnerung\doc\de\a46\memory\MGUI.html --> www.kinnla.de /debug/doc/de/a46/memory MGUI.html
2002.06.29 00:01 B C:\Programme\Apache Group\Apache\htdocs\erinnerung\doc\de\a46\memory\MProperties.html --> www.kinnla.de /debug/doc/de/a46/memory MProperties.html
2002.06.29 00:01 B C:\Programme\Apache Group\Apache\htdocs\erinnerung\doc\de\a46\memory\MultimediaProvider.html --> www.kinnla.de /debug/doc/de/a46/memory MultimediaProvider.html
2002.06.29 00:01 B C:\Programme\Apache Group\Apache\htdocs\erinnerung\doc\de\a46\memory\Multimedias.html --> www.kinnla.de /debug/doc/de/a46/memory Multimedias.html
2002.06.29 00:01 B C:\Programme\Apache Group\Apache\htdocs\erinnerung\doc\de\a46\memory\package-frame.html --> www.kinnla.de /debug/doc/de/a46/memory package-frame.html
2002.06.29 00:01 B C:\Programme\Apache Group\Apache\htdocs\erinnerung\doc\de\a46\memory\package-summary.html --> www.kinnla.de /debug/doc/de/a46/memory package-summary.html
2002.06.29 00:02 B C:\Programme\Apache Group\Apache\htdocs\erinnerung\doc\de\a46\memory\package-tree.html --> www.kinnla.de /debug/doc/de/a46/memory package-tree.html
2002.06.29 00:02 B C:\Programme\Apache Group\Apache\htdocs\erinnerung\doc\de\a46\memory\ParameterProvider.html --> www.kinnla.de /debug/doc/de/a46/memory ParameterProvider.html
2002.06.29 00:02 B C:\Programme\Apache Group\Apache\htdocs\erinnerung\doc\de\a46\memory\Starter.html --> www.kinnla.de /debug/doc/de/a46/memory Starter.html
2002.06.29 00:02 B C:\Programme\Apache Group\Apache\htdocs\erinnerung\doc\de\a46\memory\TextGetter.html --> www.kinnla.de /debug/doc/de/a46/memory TextGetter.html
2002.06.29 00:02 B C:\Programme\Apache Group\Apache\htdocs\erinnerung\doc\de\a46\memory\UserActionListener.html --> www.kinnla.de /debug/doc/de/a46/memory UserActionListener.html
2002.06.29 00:02 B C:\Programme\Apache Group\Apache\htdocs\erinnerung\doc\de\a46\memory\WS_FTP.LOG --> www.kinnla.de /debug/doc/de/a46/memory WS_FTP.LOG
