2002.06.28 22:02 B D:\java\projects\MEMORY\v_1.0\Angenommen.html <-- kinnlade /erinnerung Angenommen.html
2002.06.28 22:02 B D:\java\projects\MEMORY\v_1.0\auto_close.html <-- kinnlade /erinnerung auto_close.html
2002.06.28 22:02 B D:\java\projects\MEMORY\v_1.0\Bildnachweis.html <-- kinnlade /erinnerung Bildnachweis.html
2002.06.28 22:02 B D:\java\projects\MEMORY\v_1.0\Erinnerung.html <-- kinnlade /erinnerung Erinnerung.html
2002.06.28 22:02 B D:\java\projects\MEMORY\v_1.0\erinnerung.jar <-- kinnlade /erinnerung erinnerung.jar
2002.06.28 22:03 B D:\java\projects\MEMORY\v_1.0\hilfetext.txt <-- kinnlade /erinnerung hilfetext.txt
2002.06.28 22:03 B D:\java\projects\MEMORY\v_1.0\index.html <-- kinnlade /erinnerung index.html
2002.06.28 22:03 B D:\java\projects\MEMORY\v_1.0\multimedias.txt <-- kinnlade /erinnerung multimedias.txt
2002.06.28 22:03 B D:\java\projects\MEMORY\v_1.0\Projektbeschreibung.html <-- kinnlade /erinnerung Projektbeschreibung.html
2002.06.28 22:03 B D:\java\projects\MEMORY\v_1.0\properties.txt <-- kinnlade /erinnerung properties.txt
2002.06.28 22:03 B D:\java\projects\MEMORY\v_1.0\StartseiteStart.gif <-- kinnlade /erinnerung StartseiteStart.gif
2002.06.28 22:03 B D:\java\projects\MEMORY\v_1.0\Urheber.html <-- kinnlade /erinnerung Urheber.html
2002.06.29 00:04 B C:\Programme\Apache Group\Apache\htdocs\erinnerung\Angenommen.html --> www.kinnla.de /debug Angenommen.html
2002.06.29 00:04 B C:\Programme\Apache Group\Apache\htdocs\erinnerung\auto_close.html --> www.kinnla.de /debug auto_close.html
2002.06.29 00:04 B C:\Programme\Apache Group\Apache\htdocs\erinnerung\Bildnachweis.html --> www.kinnla.de /debug Bildnachweis.html
2002.06.29 00:04 B C:\Programme\Apache Group\Apache\htdocs\erinnerung\Erinnerung.html --> www.kinnla.de /debug Erinnerung.html
2002.06.29 00:04 B C:\Programme\Apache Group\Apache\htdocs\erinnerung\erinnerung.jar --> www.kinnla.de /debug erinnerung.jar
2002.06.29 00:04 B C:\Programme\Apache Group\Apache\htdocs\erinnerung\hilfetext.txt --> www.kinnla.de /debug hilfetext.txt
2002.06.29 00:04 B C:\Programme\Apache Group\Apache\htdocs\erinnerung\index.html --> www.kinnla.de /debug index.html
2002.06.29 00:04 B C:\Programme\Apache Group\Apache\htdocs\erinnerung\multimedias.txt --> www.kinnla.de /debug multimedias.txt
2002.06.29 00:04 B C:\Programme\Apache Group\Apache\htdocs\erinnerung\Projektbeschreibung.html --> www.kinnla.de /debug Projektbeschreibung.html
2002.06.29 00:04 B C:\Programme\Apache Group\Apache\htdocs\erinnerung\properties.txt --> www.kinnla.de /debug properties.txt
2002.06.29 00:04 B C:\Programme\Apache Group\Apache\htdocs\erinnerung\StartseiteStart.gif --> www.kinnla.de /debug StartseiteStart.gif
2002.06.29 00:04 B C:\Programme\Apache Group\Apache\htdocs\erinnerung\Urheber.html --> www.kinnla.de /debug Urheber.html
2002.07.05 23:59 B C:\Programme\Apache Group\Apache\htdocs\erinnerung\erinnerung.jar --> www.kinnla.de /debug erinnerung.jar
2002.07.06 00:08 B C:\Programme\Apache Group\Apache\htdocs\erinnerung\erinnerung.jar --> www.kinnla.de /debug/audios erinnerung.jar
2002.07.06 00:08 B C:\Programme\Apache Group\Apache\htdocs\erinnerung\erinnerung.jar --> www.kinnla.de /debug erinnerung.jar
2002.07.06 00:11 B C:\Programme\Apache Group\Apache\htdocs\erinnerung\erinnerung.jar --> www.kinnla.de /debug erinnerung.jar
2002.07.06 00:14 B C:\Programme\Apache Group\Apache\htdocs\erinnerung\erinnerung.jar --> www.kinnla.de /debug erinnerung.jar
2002.10.20 00:35 B C:\Programme\Apache Group\Apache\htdocs\erinnerung\erinnerung.jar --> www.kinnla.de /a46 erinnerung.jar
2002.10.20 00:51 B C:\Programme\Apache Group\Apache\htdocs\erinnerung\erinnerung.jar --> www.kinnla.de /a46 erinnerung.jar
