2002.01.12 18:49 B D:\java\projects\MEMORY\javadocs\de\a46\memory\gui\ButtonbarListener.html --> www.a46.de /erinnerung/doc/de/a46/memory/gui ButtonbarListener.html
2002.01.12 18:49 B D:\java\projects\MEMORY\javadocs\de\a46\memory\gui\ButtonbarPanel.html --> www.a46.de /erinnerung/doc/de/a46/memory/gui ButtonbarPanel.html
2002.01.12 18:49 B D:\java\projects\MEMORY\javadocs\de\a46\memory\gui\ExitPanel.html --> www.a46.de /erinnerung/doc/de/a46/memory/gui ExitPanel.html
2002.01.12 18:49 B D:\java\projects\MEMORY\javadocs\de\a46\memory\gui\FieldPanel.html --> www.a46.de /erinnerung/doc/de/a46/memory/gui FieldPanel.html
2002.01.12 18:49 B D:\java\projects\MEMORY\javadocs\de\a46\memory\gui\HelpPanel.html --> www.a46.de /erinnerung/doc/de/a46/memory/gui HelpPanel.html
2002.01.12 18:50 B D:\java\projects\MEMORY\javadocs\de\a46\memory\gui\HiddencardPanel.html --> www.a46.de /erinnerung/doc/de/a46/memory/gui HiddencardPanel.html
2002.01.12 18:50 B D:\java\projects\MEMORY\javadocs\de\a46\memory\gui\LeftPanel.html --> www.a46.de /erinnerung/doc/de/a46/memory/gui LeftPanel.html
2002.01.12 18:50 B D:\java\projects\MEMORY\javadocs\de\a46\memory\gui\MainPanel.html --> www.a46.de /erinnerung/doc/de/a46/memory/gui MainPanel.html
2002.01.12 18:50 B D:\java\projects\MEMORY\javadocs\de\a46\memory\gui\MButton.html --> www.a46.de /erinnerung/doc/de/a46/memory/gui MButton.html
2002.01.12 18:50 B D:\java\projects\MEMORY\javadocs\de\a46\memory\gui\MGUI.html --> www.a46.de /erinnerung/doc/de/a46/memory/gui MGUI.html
2002.01.12 18:50 B D:\java\projects\MEMORY\javadocs\de\a46\memory\gui\MPanel.html --> www.a46.de /erinnerung/doc/de/a46/memory/gui MPanel.html
2002.01.12 18:50 B D:\java\projects\MEMORY\javadocs\de\a46\memory\gui\MPanelListener.html --> www.a46.de /erinnerung/doc/de/a46/memory/gui MPanelListener.html
2002.01.12 18:50 B D:\java\projects\MEMORY\javadocs\de\a46\memory\gui\MultiImagePanel.html --> www.a46.de /erinnerung/doc/de/a46/memory/gui MultiImagePanel.html
2002.01.12 18:50 B D:\java\projects\MEMORY\javadocs\de\a46\memory\gui\package-frame.html --> www.a46.de /erinnerung/doc/de/a46/memory/gui package-frame.html
2002.01.12 18:50 B D:\java\projects\MEMORY\javadocs\de\a46\memory\gui\package-summary.html --> www.a46.de /erinnerung/doc/de/a46/memory/gui package-summary.html
2002.01.12 18:50 B D:\java\projects\MEMORY\javadocs\de\a46\memory\gui\package-tree.html --> www.a46.de /erinnerung/doc/de/a46/memory/gui package-tree.html
2002.01.12 18:50 B D:\java\projects\MEMORY\javadocs\de\a46\memory\gui\RessourceContainer.html --> www.a46.de /erinnerung/doc/de/a46/memory/gui RessourceContainer.html
2002.01.12 18:50 B D:\java\projects\MEMORY\javadocs\de\a46\memory\gui\RightPanel.html --> www.a46.de /erinnerung/doc/de/a46/memory/gui RightPanel.html
2002.01.12 18:50 B D:\java\projects\MEMORY\javadocs\de\a46\memory\gui\UserActionListener.html --> www.a46.de /erinnerung/doc/de/a46/memory/gui UserActionListener.html
2002.01.12 18:50 B D:\java\projects\MEMORY\javadocs\de\a46\memory\gui\YesNoListener.html --> www.a46.de /erinnerung/doc/de/a46/memory/gui YesNoListener.html
2002.01.12 19:10 B D:\java\projects\MEMORY\javadocs\de\a46\memory\gui\YesNoListener.html --> www.a46.de /Erinnerung/doc/de/a46/memory/gui YesNoListener.html
2002.01.12 19:10 B D:\java\projects\MEMORY\javadocs\de\a46\memory\gui\RightPanel.html --> www.a46.de /Erinnerung/doc/de/a46/memory/gui RightPanel.html
2002.01.12 19:10 B D:\java\projects\MEMORY\javadocs\de\a46\memory\gui\RessourceContainer.html --> www.a46.de /Erinnerung/doc/de/a46/memory/gui RessourceContainer.html
2002.01.12 19:10 B D:\java\projects\MEMORY\javadocs\de\a46\memory\gui\package-tree.html --> www.a46.de /Erinnerung/doc/de/a46/memory/gui package-tree.html
2002.01.12 19:10 B D:\java\projects\MEMORY\javadocs\de\a46\memory\gui\package-summary.html --> www.a46.de /Erinnerung/doc/de/a46/memory/gui package-summary.html
2002.01.12 19:10 B D:\java\projects\MEMORY\javadocs\de\a46\memory\gui\package-frame.html --> www.a46.de /Erinnerung/doc/de/a46/memory/gui package-frame.html
2002.01.12 19:10 B D:\java\projects\MEMORY\javadocs\de\a46\memory\gui\MultiImagePanel.html --> www.a46.de /Erinnerung/doc/de/a46/memory/gui MultiImagePanel.html
2002.01.12 19:10 B D:\java\projects\MEMORY\javadocs\de\a46\memory\gui\MPanelListener.html --> www.a46.de /Erinnerung/doc/de/a46/memory/gui MPanelListener.html
2002.01.12 19:10 B D:\java\projects\MEMORY\javadocs\de\a46\memory\gui\MPanel.html --> www.a46.de /Erinnerung/doc/de/a46/memory/gui MPanel.html
2002.01.12 19:10 B D:\java\projects\MEMORY\javadocs\de\a46\memory\gui\MButton.html --> www.a46.de /Erinnerung/doc/de/a46/memory/gui MButton.html
2002.01.12 19:10 B D:\java\projects\MEMORY\javadocs\de\a46\memory\gui\MainPanel.html --> www.a46.de /Erinnerung/doc/de/a46/memory/gui MainPanel.html
2002.01.12 19:10 B D:\java\projects\MEMORY\javadocs\de\a46\memory\gui\LeftPanel.html --> www.a46.de /Erinnerung/doc/de/a46/memory/gui LeftPanel.html
2002.01.12 19:10 B D:\java\projects\MEMORY\javadocs\de\a46\memory\gui\HiddencardPanel.html --> www.a46.de /Erinnerung/doc/de/a46/memory/gui HiddencardPanel.html
2002.01.12 19:10 B D:\java\projects\MEMORY\javadocs\de\a46\memory\gui\HelpPanel.html --> www.a46.de /Erinnerung/doc/de/a46/memory/gui HelpPanel.html
2002.01.12 19:11 B D:\java\projects\MEMORY\javadocs\de\a46\memory\gui\FieldPanel.html --> www.a46.de /Erinnerung/doc/de/a46/memory/gui FieldPanel.html
2002.01.12 19:11 B D:\java\projects\MEMORY\javadocs\de\a46\memory\gui\ExitPanel.html --> www.a46.de /Erinnerung/doc/de/a46/memory/gui ExitPanel.html
2002.01.12 19:11 B D:\java\projects\MEMORY\javadocs\de\a46\memory\gui\ButtonbarPanel.html --> www.a46.de /Erinnerung/doc/de/a46/memory/gui ButtonbarPanel.html
2002.01.12 19:11 B D:\java\projects\MEMORY\javadocs\de\a46\memory\gui\ButtonbarListener.html --> www.a46.de /Erinnerung/doc/de/a46/memory/gui ButtonbarListener.html
2002.01.12 19:11 B D:\java\projects\MEMORY\javadocs\de\a46\memory\gui\WS_FTP.LOG --> www.a46.de /Erinnerung/doc/de/a46/memory/gui WS_FTP.LOG
2002.01.12 20:21 B D:\java\projects\MEMORY\javadocs\de\a46\memory\gui\ButtonbarListener.html --> www.a46.de /erinnerung/doc/de/a46/memory/gui ButtonbarListener.html
2002.01.12 20:21 B D:\java\projects\MEMORY\javadocs\de\a46\memory\gui\ButtonbarPanel.html --> www.a46.de /erinnerung/doc/de/a46/memory/gui ButtonbarPanel.html
2002.01.12 20:21 B D:\java\projects\MEMORY\javadocs\de\a46\memory\gui\ExitPanel.html --> www.a46.de /erinnerung/doc/de/a46/memory/gui ExitPanel.html
2002.01.12 20:21 B D:\java\projects\MEMORY\javadocs\de\a46\memory\gui\FieldPanel.html --> www.a46.de /erinnerung/doc/de/a46/memory/gui FieldPanel.html
2002.01.12 20:21 B D:\java\projects\MEMORY\javadocs\de\a46\memory\gui\HelpPanel.html --> www.a46.de /erinnerung/doc/de/a46/memory/gui HelpPanel.html
2002.01.12 20:21 B D:\java\projects\MEMORY\javadocs\de\a46\memory\gui\HiddencardPanel.html --> www.a46.de /erinnerung/doc/de/a46/memory/gui HiddencardPanel.html
2002.01.12 20:21 B D:\java\projects\MEMORY\javadocs\de\a46\memory\gui\LeftPanel.html --> www.a46.de /erinnerung/doc/de/a46/memory/gui LeftPanel.html
2002.01.12 20:21 B D:\java\projects\MEMORY\javadocs\de\a46\memory\gui\MainPanel.html --> www.a46.de /erinnerung/doc/de/a46/memory/gui MainPanel.html
2002.01.12 20:21 B D:\java\projects\MEMORY\javadocs\de\a46\memory\gui\MButton.html --> www.a46.de /erinnerung/doc/de/a46/memory/gui MButton.html
2002.01.12 20:21 B D:\java\projects\MEMORY\javadocs\de\a46\memory\gui\MPanel.html --> www.a46.de /erinnerung/doc/de/a46/memory/gui MPanel.html
2002.01.12 20:21 B D:\java\projects\MEMORY\javadocs\de\a46\memory\gui\MPanelListener.html --> www.a46.de /erinnerung/doc/de/a46/memory/gui MPanelListener.html
2002.01.12 20:21 B D:\java\projects\MEMORY\javadocs\de\a46\memory\gui\MultiImagePanel.html --> www.a46.de /erinnerung/doc/de/a46/memory/gui MultiImagePanel.html
2002.01.12 20:21 B D:\java\projects\MEMORY\javadocs\de\a46\memory\gui\package-frame.html --> www.a46.de /erinnerung/doc/de/a46/memory/gui package-frame.html
2002.01.12 20:21 B D:\java\projects\MEMORY\javadocs\de\a46\memory\gui\package-summary.html --> www.a46.de /erinnerung/doc/de/a46/memory/gui package-summary.html
2002.01.12 20:21 B D:\java\projects\MEMORY\javadocs\de\a46\memory\gui\package-tree.html --> www.a46.de /erinnerung/doc/de/a46/memory/gui package-tree.html
2002.01.12 20:21 B D:\java\projects\MEMORY\javadocs\de\a46\memory\gui\RessourceContainer.html --> www.a46.de /erinnerung/doc/de/a46/memory/gui RessourceContainer.html
2002.01.12 20:21 B D:\java\projects\MEMORY\javadocs\de\a46\memory\gui\RightPanel.html --> www.a46.de /erinnerung/doc/de/a46/memory/gui RightPanel.html
2002.01.12 20:21 B D:\java\projects\MEMORY\javadocs\de\a46\memory\gui\WS_FTP.LOG --> www.a46.de /erinnerung/doc/de/a46/memory/gui WS_FTP.LOG
2002.01.12 20:21 B D:\java\projects\MEMORY\javadocs\de\a46\memory\gui\YesNoListener.html --> www.a46.de /erinnerung/doc/de/a46/memory/gui YesNoListener.html
2002.01.18 15:29 B D:\java\projects\MEMORY\javadocs\de\a46\memory\gui\ButtonbarListener.html --> www.a46.de /erinnerung/doc/de/a46/memory/gui ButtonbarListener.html
2002.01.18 15:29 B D:\java\projects\MEMORY\javadocs\de\a46\memory\gui\ButtonbarPanel.html --> www.a46.de /erinnerung/doc/de/a46/memory/gui ButtonbarPanel.html
2002.01.18 15:29 B D:\java\projects\MEMORY\javadocs\de\a46\memory\gui\ExitPanel.html --> www.a46.de /erinnerung/doc/de/a46/memory/gui ExitPanel.html
2002.01.18 15:30 B D:\java\projects\MEMORY\javadocs\de\a46\memory\gui\FieldPanel.html --> www.a46.de /erinnerung/doc/de/a46/memory/gui FieldPanel.html
2002.01.18 15:30 B D:\java\projects\MEMORY\javadocs\de\a46\memory\gui\HelpPanel.html --> www.a46.de /erinnerung/doc/de/a46/memory/gui HelpPanel.html
2002.01.18 15:30 B D:\java\projects\MEMORY\javadocs\de\a46\memory\gui\HiddencardPanel.html --> www.a46.de /erinnerung/doc/de/a46/memory/gui HiddencardPanel.html
2002.01.18 15:30 B D:\java\projects\MEMORY\javadocs\de\a46\memory\gui\LeftPanel.html --> www.a46.de /erinnerung/doc/de/a46/memory/gui LeftPanel.html
2002.01.18 15:30 B D:\java\projects\MEMORY\javadocs\de\a46\memory\gui\MainPanel.html --> www.a46.de /erinnerung/doc/de/a46/memory/gui MainPanel.html
2002.01.18 15:30 B D:\java\projects\MEMORY\javadocs\de\a46\memory\gui\MButton.html --> www.a46.de /erinnerung/doc/de/a46/memory/gui MButton.html
2002.01.18 15:30 B D:\java\projects\MEMORY\javadocs\de\a46\memory\gui\MPanel.html --> www.a46.de /erinnerung/doc/de/a46/memory/gui MPanel.html
2002.01.18 15:30 B D:\java\projects\MEMORY\javadocs\de\a46\memory\gui\MPanelListener.html --> www.a46.de /erinnerung/doc/de/a46/memory/gui MPanelListener.html
2002.01.18 15:30 B D:\java\projects\MEMORY\javadocs\de\a46\memory\gui\MultiImagePanel.html --> www.a46.de /erinnerung/doc/de/a46/memory/gui MultiImagePanel.html
2002.01.18 15:30 B D:\java\projects\MEMORY\javadocs\de\a46\memory\gui\package-frame.html --> www.a46.de /erinnerung/doc/de/a46/memory/gui package-frame.html
2002.01.18 15:30 B D:\java\projects\MEMORY\javadocs\de\a46\memory\gui\package-summary.html --> www.a46.de /erinnerung/doc/de/a46/memory/gui package-summary.html
2002.01.18 15:30 B D:\java\projects\MEMORY\javadocs\de\a46\memory\gui\package-tree.html --> www.a46.de /erinnerung/doc/de/a46/memory/gui package-tree.html
2002.01.18 15:30 B D:\java\projects\MEMORY\javadocs\de\a46\memory\gui\RessourceContainer.html --> www.a46.de /erinnerung/doc/de/a46/memory/gui RessourceContainer.html
2002.01.18 15:30 B D:\java\projects\MEMORY\javadocs\de\a46\memory\gui\RightPanel.html --> www.a46.de /erinnerung/doc/de/a46/memory/gui RightPanel.html
2002.01.18 15:30 B D:\java\projects\MEMORY\javadocs\de\a46\memory\gui\WS_FTP.LOG --> www.a46.de /erinnerung/doc/de/a46/memory/gui WS_FTP.LOG
2002.01.18 15:30 B D:\java\projects\MEMORY\javadocs\de\a46\memory\gui\YesNoListener.html --> www.a46.de /erinnerung/doc/de/a46/memory/gui YesNoListener.html
2002.06.28 22:00 B D:\java\projects\MEMORY\v_1.0\doc\de\a46\memory\gui\WS_FTP.LOG <-- kinnlade /erinnerung/doc/de/a46/memory/gui WS_FTP.LOG
2002.06.28 22:00 B D:\java\projects\MEMORY\v_1.0\doc\de\a46\memory\gui\YesNoListener.html <-- kinnlade /erinnerung/doc/de/a46/memory/gui YesNoListener.html
2002.06.29 00:01 B C:\Programme\Apache Group\Apache\htdocs\erinnerung\doc\de\a46\memory\gui\ButtonbarListener.html --> www.kinnla.de /debug/doc/de/a46/memory/gui ButtonbarListener.html
2002.06.29 00:01 B C:\Programme\Apache Group\Apache\htdocs\erinnerung\doc\de\a46\memory\gui\ButtonbarPanel.html --> www.kinnla.de /debug/doc/de/a46/memory/gui ButtonbarPanel.html
2002.06.29 00:01 B C:\Programme\Apache Group\Apache\htdocs\erinnerung\doc\de\a46\memory\gui\ExitPanel.html --> www.kinnla.de /debug/doc/de/a46/memory/gui ExitPanel.html
2002.06.29 00:01 B C:\Programme\Apache Group\Apache\htdocs\erinnerung\doc\de\a46\memory\gui\FieldPanel.html --> www.kinnla.de /debug/doc/de/a46/memory/gui FieldPanel.html
2002.06.29 00:01 B C:\Programme\Apache Group\Apache\htdocs\erinnerung\doc\de\a46\memory\gui\HelpPanel.html --> www.kinnla.de /debug/doc/de/a46/memory/gui HelpPanel.html
2002.06.29 00:01 B C:\Programme\Apache Group\Apache\htdocs\erinnerung\doc\de\a46\memory\gui\HiddencardPanel.html --> www.kinnla.de /debug/doc/de/a46/memory/gui HiddencardPanel.html
2002.06.29 00:01 B C:\Programme\Apache Group\Apache\htdocs\erinnerung\doc\de\a46\memory\gui\LeftPanel.html --> www.kinnla.de /debug/doc/de/a46/memory/gui LeftPanel.html
2002.06.29 00:01 B C:\Programme\Apache Group\Apache\htdocs\erinnerung\doc\de\a46\memory\gui\MainPanel.html --> www.kinnla.de /debug/doc/de/a46/memory/gui MainPanel.html
2002.06.29 00:01 B C:\Programme\Apache Group\Apache\htdocs\erinnerung\doc\de\a46\memory\gui\MButton.html --> www.kinnla.de /debug/doc/de/a46/memory/gui MButton.html
2002.06.29 00:01 B C:\Programme\Apache Group\Apache\htdocs\erinnerung\doc\de\a46\memory\gui\MGUI.html --> www.kinnla.de /debug/doc/de/a46/memory/gui MGUI.html
2002.06.29 00:01 B C:\Programme\Apache Group\Apache\htdocs\erinnerung\doc\de\a46\memory\gui\MPanel.html --> www.kinnla.de /debug/doc/de/a46/memory/gui MPanel.html
2002.06.29 00:01 B C:\Programme\Apache Group\Apache\htdocs\erinnerung\doc\de\a46\memory\gui\MPanelListener.html --> www.kinnla.de /debug/doc/de/a46/memory/gui MPanelListener.html
2002.06.29 00:01 B C:\Programme\Apache Group\Apache\htdocs\erinnerung\doc\de\a46\memory\gui\MultiImagePanel.html --> www.kinnla.de /debug/doc/de/a46/memory/gui MultiImagePanel.html
2002.06.29 00:01 B C:\Programme\Apache Group\Apache\htdocs\erinnerung\doc\de\a46\memory\gui\package-frame.html --> www.kinnla.de /debug/doc/de/a46/memory/gui package-frame.html
2002.06.29 00:01 B C:\Programme\Apache Group\Apache\htdocs\erinnerung\doc\de\a46\memory\gui\package-summary.html --> www.kinnla.de /debug/doc/de/a46/memory/gui package-summary.html
2002.06.29 00:01 B C:\Programme\Apache Group\Apache\htdocs\erinnerung\doc\de\a46\memory\gui\package-tree.html --> www.kinnla.de /debug/doc/de/a46/memory/gui package-tree.html
2002.06.29 00:01 B C:\Programme\Apache Group\Apache\htdocs\erinnerung\doc\de\a46\memory\gui\RessourceContainer.html --> www.kinnla.de /debug/doc/de/a46/memory/gui RessourceContainer.html
2002.06.29 00:01 B C:\Programme\Apache Group\Apache\htdocs\erinnerung\doc\de\a46\memory\gui\RightPanel.html --> www.kinnla.de /debug/doc/de/a46/memory/gui RightPanel.html
2002.06.29 00:01 B C:\Programme\Apache Group\Apache\htdocs\erinnerung\doc\de\a46\memory\gui\UserActionListener.html --> www.kinnla.de /debug/doc/de/a46/memory/gui UserActionListener.html
2002.06.29 00:01 B C:\Programme\Apache Group\Apache\htdocs\erinnerung\doc\de\a46\memory\gui\WS_FTP.LOG --> www.kinnla.de /debug/doc/de/a46/memory/gui WS_FTP.LOG
2002.06.29 00:01 B C:\Programme\Apache Group\Apache\htdocs\erinnerung\doc\de\a46\memory\gui\YesNoListener.html --> www.kinnla.de /debug/doc/de/a46/memory/gui YesNoListener.html
