2001.11.21 01:26 B D:\memory\classes\data\Acht.gif --> ftp.geocities.com /t_boitle_science/project/data Acht.gif
2001.11.21 01:26 B D:\memory\classes\data\Beenden-Anim.gif --> ftp.geocities.com /t_boitle_science/project/data Beenden-Anim.gif
2001.11.21 01:26 B D:\memory\classes\data\Beenden-Rollover1.gif --> ftp.geocities.com /t_boitle_science/project/data Beenden-Rollover1.gif
2001.11.21 01:26 B D:\memory\classes\data\Beenden.gif --> ftp.geocities.com /t_boitle_science/project/data Beenden.gif
2001.11.21 01:26 B D:\memory\classes\data\Drei.gif --> ftp.geocities.com /t_boitle_science/project/data Drei.gif
2001.11.21 01:26 B D:\memory\classes\data\Eins.gif --> ftp.geocities.com /t_boitle_science/project/data Eins.gif
2001.11.21 01:26 B D:\memory\classes\data\Fuenf.gif --> ftp.geocities.com /t_boitle_science/project/data Fuenf.gif
2001.11.21 01:26 B D:\memory\classes\data\Hilfe-Anim.gif --> ftp.geocities.com /t_boitle_science/project/data Hilfe-Anim.gif
2001.11.21 01:26 B D:\memory\classes\data\Hilfe-Rollover1.gif --> ftp.geocities.com /t_boitle_science/project/data Hilfe-Rollover1.gif
2001.11.21 01:26 B D:\memory\classes\data\Hilfe-Rollover3.gif --> ftp.geocities.com /t_boitle_science/project/data Hilfe-Rollover3.gif
2001.11.21 01:26 B D:\memory\classes\data\Hilfe.gif --> ftp.geocities.com /t_boitle_science/project/data Hilfe.gif
2001.11.21 01:26 B D:\memory\classes\data\kleineWeinroteKarteFertig.gif --> ftp.geocities.com /t_boitle_science/project/data kleineWeinroteKarteFertig.gif
2001.11.21 01:26 B D:\memory\classes\data\Neues-Spiel-Anim.gif --> ftp.geocities.com /t_boitle_science/project/data Neues-Spiel-Anim.gif
2001.11.21 01:26 B D:\memory\classes\data\Neues-Spiel-Rollover1.gif --> ftp.geocities.com /t_boitle_science/project/data Neues-Spiel-Rollover1.gif
2001.11.21 01:26 B D:\memory\classes\data\Neues-Spiel-Rollover3.gif --> ftp.geocities.com /t_boitle_science/project/data Neues-Spiel-Rollover3.gif
2001.11.21 01:26 B D:\memory\classes\data\Neues-Spiel.gif --> ftp.geocities.com /t_boitle_science/project/data Neues-Spiel.gif
2001.11.21 01:26 B D:\memory\classes\data\Neun.gif --> ftp.geocities.com /t_boitle_science/project/data Neun.gif
2001.11.21 01:26 B D:\memory\classes\data\Null.gif --> ftp.geocities.com /t_boitle_science/project/data Null.gif
2001.11.21 01:26 B D:\memory\classes\data\Sechs.gif --> ftp.geocities.com /t_boitle_science/project/data Sechs.gif
2001.11.21 01:26 B D:\memory\classes\data\Sieben.gif --> ftp.geocities.com /t_boitle_science/project/data Sieben.gif
2001.11.21 01:26 B D:\memory\classes\data\Vier.gif --> ftp.geocities.com /t_boitle_science/project/data Vier.gif
2001.11.21 01:26 B D:\memory\classes\data\Zaehler.gif --> ftp.geocities.com /t_boitle_science/project/data Zaehler.gif
2001.11.21 01:26 B D:\memory\classes\data\Zwei.gif --> ftp.geocities.com /t_boitle_science/project/data Zwei.gif
2001.11.21 01:27 B D:\memory\classes\data\Acht.gif --> ftp.geocities.com /t_boitle_science/project/prototyp2/data Acht.gif
2001.11.21 01:27 B D:\memory\classes\data\Beenden-Anim.gif --> ftp.geocities.com /t_boitle_science/project/prototyp2/data Beenden-Anim.gif
2001.11.21 01:27 B D:\memory\classes\data\Beenden-Rollover1.gif --> ftp.geocities.com /t_boitle_science/project/prototyp2/data Beenden-Rollover1.gif
2001.11.21 01:27 B D:\memory\classes\data\Beenden.gif --> ftp.geocities.com /t_boitle_science/project/prototyp2/data Beenden.gif
2001.11.21 01:27 B D:\memory\classes\data\Drei.gif --> ftp.geocities.com /t_boitle_science/project/prototyp2/data Drei.gif
2001.11.21 01:27 B D:\memory\classes\data\Eins.gif --> ftp.geocities.com /t_boitle_science/project/prototyp2/data Eins.gif
2001.11.21 01:27 B D:\memory\classes\data\Fuenf.gif --> ftp.geocities.com /t_boitle_science/project/prototyp2/data Fuenf.gif
2001.11.21 01:27 B D:\memory\classes\data\Hilfe-Anim.gif --> ftp.geocities.com /t_boitle_science/project/prototyp2/data Hilfe-Anim.gif
2001.11.21 01:27 B D:\memory\classes\data\Hilfe-Rollover1.gif --> ftp.geocities.com /t_boitle_science/project/prototyp2/data Hilfe-Rollover1.gif
2001.11.21 01:27 B D:\memory\classes\data\Hilfe-Rollover3.gif --> ftp.geocities.com /t_boitle_science/project/prototyp2/data Hilfe-Rollover3.gif
2001.11.21 01:27 B D:\memory\classes\data\Hilfe.gif --> ftp.geocities.com /t_boitle_science/project/prototyp2/data Hilfe.gif
2001.11.21 01:27 B D:\memory\classes\data\kleineWeinroteKarteFertig.gif --> ftp.geocities.com /t_boitle_science/project/prototyp2/data kleineWeinroteKarteFertig.gif
2001.11.21 01:27 B D:\memory\classes\data\Neues-Spiel-Anim.gif --> ftp.geocities.com /t_boitle_science/project/prototyp2/data Neues-Spiel-Anim.gif
2001.11.21 01:27 B D:\memory\classes\data\Neues-Spiel-Rollover1.gif --> ftp.geocities.com /t_boitle_science/project/prototyp2/data Neues-Spiel-Rollover1.gif
2001.11.21 01:27 B D:\memory\classes\data\Neues-Spiel-Rollover3.gif --> ftp.geocities.com /t_boitle_science/project/prototyp2/data Neues-Spiel-Rollover3.gif
2001.11.21 01:27 B D:\memory\classes\data\Neues-Spiel.gif --> ftp.geocities.com /t_boitle_science/project/prototyp2/data Neues-Spiel.gif
2001.11.21 01:27 B D:\memory\classes\data\Neun.gif --> ftp.geocities.com /t_boitle_science/project/prototyp2/data Neun.gif
2001.11.21 01:27 B D:\memory\classes\data\Null.gif --> ftp.geocities.com /t_boitle_science/project/prototyp2/data Null.gif
2001.11.21 01:27 B D:\memory\classes\data\Sechs.gif --> ftp.geocities.com /t_boitle_science/project/prototyp2/data Sechs.gif
2001.11.21 01:27 B D:\memory\classes\data\Sieben.gif --> ftp.geocities.com /t_boitle_science/project/prototyp2/data Sieben.gif
2001.11.21 01:27 B D:\memory\classes\data\Vier.gif --> ftp.geocities.com /t_boitle_science/project/prototyp2/data Vier.gif
2001.11.21 01:27 B D:\memory\classes\data\Zaehler.gif --> ftp.geocities.com /t_boitle_science/project/prototyp2/data Zaehler.gif
2001.11.21 01:27 B D:\memory\classes\data\Zwei.gif --> ftp.geocities.com /t_boitle_science/project/prototyp2/data Zwei.gif
2002.06.28 22:00 B D:\java\projects\MEMORY\v_1.0\data\WS_FTP.LOG <-- kinnlade /erinnerung/data WS_FTP.LOG
2002.06.28 22:00 B D:\java\projects\MEMORY\v_1.0\data\Zaehler.gif <-- kinnlade /erinnerung/data Zaehler.gif
2002.06.28 22:00 B D:\java\projects\MEMORY\v_1.0\data\Zwei.gif <-- kinnlade /erinnerung/data Zwei.gif
2002.06.29 00:00 B C:\Programme\Apache Group\Apache\htdocs\erinnerung\data\Acht.gif --> www.kinnla.de /debug/data Acht.gif
2002.06.29 00:00 B C:\Programme\Apache Group\Apache\htdocs\erinnerung\data\Beenden-Anim.gif --> www.kinnla.de /debug/data Beenden-Anim.gif
2002.06.29 00:00 B C:\Programme\Apache Group\Apache\htdocs\erinnerung\data\Beenden-Rollover1.gif --> www.kinnla.de /debug/data Beenden-Rollover1.gif
2002.06.29 00:00 B C:\Programme\Apache Group\Apache\htdocs\erinnerung\data\Beenden-Rollover3.gif --> www.kinnla.de /debug/data Beenden-Rollover3.gif
2002.06.29 00:00 B C:\Programme\Apache Group\Apache\htdocs\erinnerung\data\Beenden.gif --> www.kinnla.de /debug/data Beenden.gif
2002.06.29 00:00 B C:\Programme\Apache Group\Apache\htdocs\erinnerung\data\Drei.gif --> www.kinnla.de /debug/data Drei.gif
2002.06.29 00:00 B C:\Programme\Apache Group\Apache\htdocs\erinnerung\data\Eins.gif --> www.kinnla.de /debug/data Eins.gif
2002.06.29 00:00 B C:\Programme\Apache Group\Apache\htdocs\erinnerung\data\EinsNeu.gif --> www.kinnla.de /debug/data EinsNeu.gif
2002.06.29 00:00 B C:\Programme\Apache Group\Apache\htdocs\erinnerung\data\Fuenf.gif --> www.kinnla.de /debug/data Fuenf.gif
2002.06.29 00:00 B C:\Programme\Apache Group\Apache\htdocs\erinnerung\data\GrosseKarteFertig.gif --> www.kinnla.de /debug/data GrosseKarteFertig.gif
2002.06.29 00:00 B C:\Programme\Apache Group\Apache\htdocs\erinnerung\data\Highscore.gif --> www.kinnla.de /debug/data Highscore.gif
2002.06.29 00:00 B C:\Programme\Apache Group\Apache\htdocs\erinnerung\data\Hilfe-Anim.gif --> www.kinnla.de /debug/data Hilfe-Anim.gif
2002.06.29 00:00 B C:\Programme\Apache Group\Apache\htdocs\erinnerung\data\Hilfe-Rollover.gif --> www.kinnla.de /debug/data Hilfe-Rollover.gif
2002.06.29 00:00 B C:\Programme\Apache Group\Apache\htdocs\erinnerung\data\Hilfe-Rollover1.gif --> www.kinnla.de /debug/data Hilfe-Rollover1.gif
2002.06.29 00:00 B C:\Programme\Apache Group\Apache\htdocs\erinnerung\data\Hilfe-Rollover3.gif --> www.kinnla.de /debug/data Hilfe-Rollover3.gif
2002.06.29 00:00 B C:\Programme\Apache Group\Apache\htdocs\erinnerung\data\Hilfe.gif --> www.kinnla.de /debug/data Hilfe.gif
2002.06.29 00:00 B C:\Programme\Apache Group\Apache\htdocs\erinnerung\data\Hilfetext-mit-R.gif --> www.kinnla.de /debug/data Hilfetext-mit-R.gif
2002.06.29 00:00 B C:\Programme\Apache Group\Apache\htdocs\erinnerung\data\kleine-Karte-Oben-mit-R.jpg --> www.kinnla.de /debug/data kleine-Karte-Oben-mit-R.jpg
2002.06.29 00:00 B C:\Programme\Apache Group\Apache\htdocs\erinnerung\data\kleine-Karte-Unten-mit-R.jpg --> www.kinnla.de /debug/data kleine-Karte-Unten-mit-R.jpg
2002.06.29 00:00 B C:\Programme\Apache Group\Apache\htdocs\erinnerung\data\KleineGrueneKarteFertig.gif --> www.kinnla.de /debug/data KleineGrueneKarteFertig.gif
2002.06.29 00:00 B C:\Programme\Apache Group\Apache\htdocs\erinnerung\data\kleineObenKarteFertig.jpg --> www.kinnla.de /debug/data kleineObenKarteFertig.jpg
2002.06.29 00:00 B C:\Programme\Apache Group\Apache\htdocs\erinnerung\data\KleineRoteKarteFertig.gif --> www.kinnla.de /debug/data KleineRoteKarteFertig.gif
2002.06.29 00:00 B C:\Programme\Apache Group\Apache\htdocs\erinnerung\data\KleineSchwarzeKarteFertig.jpg --> www.kinnla.de /debug/data KleineSchwarzeKarteFertig.jpg
2002.06.29 00:00 B C:\Programme\Apache Group\Apache\htdocs\erinnerung\data\kleineUntenKarteFertig.jpg --> www.kinnla.de /debug/data kleineUntenKarteFertig.jpg
2002.06.29 00:00 B C:\Programme\Apache Group\Apache\htdocs\erinnerung\data\kleineWeinroteKarteFertig.gif --> www.kinnla.de /debug/data kleineWeinroteKarteFertig.gif
2002.06.29 00:00 B C:\Programme\Apache Group\Apache\htdocs\erinnerung\data\Neues-Spiel-Anim.gif --> www.kinnla.de /debug/data Neues-Spiel-Anim.gif
2002.06.29 00:00 B C:\Programme\Apache Group\Apache\htdocs\erinnerung\data\Neues-Spiel-Rollover.gif --> www.kinnla.de /debug/data Neues-Spiel-Rollover.gif
2002.06.29 00:00 B C:\Programme\Apache Group\Apache\htdocs\erinnerung\data\Neues-Spiel-Rollover1.gif --> www.kinnla.de /debug/data Neues-Spiel-Rollover1.gif
2002.06.29 00:00 B C:\Programme\Apache Group\Apache\htdocs\erinnerung\data\Neues-Spiel-Rollover3.gif --> www.kinnla.de /debug/data Neues-Spiel-Rollover3.gif
2002.06.29 00:01 B C:\Programme\Apache Group\Apache\htdocs\erinnerung\data\Neues-Spiel.gif --> www.kinnla.de /debug/data Neues-Spiel.gif
2002.06.29 00:01 B C:\Programme\Apache Group\Apache\htdocs\erinnerung\data\Neun.gif --> www.kinnla.de /debug/data Neun.gif
2002.06.29 00:01 B C:\Programme\Apache Group\Apache\htdocs\erinnerung\data\Null.gif --> www.kinnla.de /debug/data Null.gif
2002.06.29 00:01 B C:\Programme\Apache Group\Apache\htdocs\erinnerung\data\ObenOhneO.gif --> www.kinnla.de /debug/data ObenOhneO.gif
2002.06.29 00:01 B C:\Programme\Apache Group\Apache\htdocs\erinnerung\data\Projekt-Rollover.gif --> www.kinnla.de /debug/data Projekt-Rollover.gif
2002.06.29 00:01 B C:\Programme\Apache Group\Apache\htdocs\erinnerung\data\Projekt.gif --> www.kinnla.de /debug/data Projekt.gif
2002.06.29 00:01 B C:\Programme\Apache Group\Apache\htdocs\erinnerung\data\rotrose.gif --> www.kinnla.de /debug/data rotrose.gif
2002.06.29 00:01 B C:\Programme\Apache Group\Apache\htdocs\erinnerung\data\Sechs.gif --> www.kinnla.de /debug/data Sechs.gif
2002.06.29 00:01 B C:\Programme\Apache Group\Apache\htdocs\erinnerung\data\Sieben.gif --> www.kinnla.de /debug/data Sieben.gif
2002.06.29 00:01 B C:\Programme\Apache Group\Apache\htdocs\erinnerung\data\StartbildFischkopfMitText.jpg --> www.kinnla.de /debug/data StartbildFischkopfMitText.jpg
2002.06.29 00:01 B C:\Programme\Apache Group\Apache\htdocs\erinnerung\data\StartbildFischkopfMitTextBe.jpg --> www.kinnla.de /debug/data StartbildFischkopfMitTextBe.jpg
2002.06.29 00:01 B C:\Programme\Apache Group\Apache\htdocs\erinnerung\data\UntenOhneU.gif --> www.kinnla.de /debug/data UntenOhneU.gif
2002.06.29 00:01 B C:\Programme\Apache Group\Apache\htdocs\erinnerung\data\Vier.gif --> www.kinnla.de /debug/data Vier.gif
2002.06.29 00:01 B C:\Programme\Apache Group\Apache\htdocs\erinnerung\data\WS_FTP.LOG --> www.kinnla.de /debug/data WS_FTP.LOG
2002.06.29 00:01 B C:\Programme\Apache Group\Apache\htdocs\erinnerung\data\Zaehler.gif --> www.kinnla.de /debug/data Zaehler.gif
2002.06.29 00:01 B C:\Programme\Apache Group\Apache\htdocs\erinnerung\data\Zwei.gif --> www.kinnla.de /debug/data Zwei.gif
