2002.01.12 18:50 B D:\java\projects\MEMORY\javadocs\allclasses-frame.html --> www.a46.de /erinnerung/doc allclasses-frame.html
2002.01.12 18:50 B D:\java\projects\MEMORY\javadocs\deprecated-list.html --> www.a46.de /erinnerung/doc deprecated-list.html
2002.01.12 18:50 B D:\java\projects\MEMORY\javadocs\help-doc.html --> www.a46.de /erinnerung/doc help-doc.html
2002.01.12 18:50 B D:\java\projects\MEMORY\javadocs\index-all.html --> www.a46.de /erinnerung/doc index-all.html
2002.01.12 18:50 B D:\java\projects\MEMORY\javadocs\index.html --> www.a46.de /erinnerung/doc index.html
2002.01.12 18:50 B D:\java\projects\MEMORY\javadocs\javadoc_start.bat --> www.a46.de /erinnerung/doc javadoc_start.bat
2002.01.12 18:50 B D:\java\projects\MEMORY\javadocs\overview-frame.html --> www.a46.de /erinnerung/doc overview-frame.html
2002.01.12 18:50 B D:\java\projects\MEMORY\javadocs\overview-summary.html --> www.a46.de /erinnerung/doc overview-summary.html
2002.01.12 18:50 B D:\java\projects\MEMORY\javadocs\overview-tree.html --> www.a46.de /erinnerung/doc overview-tree.html
2002.01.12 18:50 B D:\java\projects\MEMORY\javadocs\overview.html --> www.a46.de /erinnerung/doc overview.html
2002.01.12 18:50 B D:\java\projects\MEMORY\javadocs\package-list --> www.a46.de /erinnerung/doc package-list
2002.01.12 18:50 B D:\java\projects\MEMORY\javadocs\packages.html --> www.a46.de /erinnerung/doc packages.html
2002.01.12 18:50 B D:\java\projects\MEMORY\javadocs\serialized-form.html --> www.a46.de /erinnerung/doc serialized-form.html
2002.01.12 18:50 B D:\java\projects\MEMORY\javadocs\stylesheet.css --> www.a46.de /erinnerung/doc stylesheet.css
2002.01.12 19:11 B D:\java\projects\MEMORY\javadocs\stylesheet.css --> www.a46.de /Erinnerung/doc stylesheet.css
2002.01.12 19:11 B D:\java\projects\MEMORY\javadocs\serialized-form.html --> www.a46.de /Erinnerung/doc serialized-form.html
2002.01.12 19:11 B D:\java\projects\MEMORY\javadocs\packages.html --> www.a46.de /Erinnerung/doc packages.html
2002.01.12 19:11 B D:\java\projects\MEMORY\javadocs\package-list --> www.a46.de /Erinnerung/doc package-list
2002.01.12 19:11 B D:\java\projects\MEMORY\javadocs\overview.html --> www.a46.de /Erinnerung/doc overview.html
2002.01.12 19:11 B D:\java\projects\MEMORY\javadocs\overview-tree.html --> www.a46.de /Erinnerung/doc overview-tree.html
2002.01.12 19:11 B D:\java\projects\MEMORY\javadocs\overview-summary.html --> www.a46.de /Erinnerung/doc overview-summary.html
2002.01.12 19:11 B D:\java\projects\MEMORY\javadocs\overview-frame.html --> www.a46.de /Erinnerung/doc overview-frame.html
2002.01.12 19:11 B D:\java\projects\MEMORY\javadocs\index.html --> www.a46.de /Erinnerung/doc index.html
2002.01.12 19:11 B D:\java\projects\MEMORY\javadocs\index-all.html --> www.a46.de /Erinnerung/doc index-all.html
2002.01.12 19:11 B D:\java\projects\MEMORY\javadocs\help-doc.html --> www.a46.de /Erinnerung/doc help-doc.html
2002.01.12 19:11 B D:\java\projects\MEMORY\javadocs\deprecated-list.html --> www.a46.de /Erinnerung/doc deprecated-list.html
2002.01.12 19:11 B D:\java\projects\MEMORY\javadocs\allclasses-frame.html --> www.a46.de /Erinnerung/doc allclasses-frame.html
2002.01.12 19:11 B D:\java\projects\MEMORY\javadocs\WS_FTP.LOG --> www.a46.de /Erinnerung/doc WS_FTP.LOG
2002.01.12 20:22 B D:\java\projects\MEMORY\javadocs\allclasses-frame.html --> www.a46.de /erinnerung/doc allclasses-frame.html
2002.01.12 20:22 B D:\java\projects\MEMORY\javadocs\deprecated-list.html --> www.a46.de /erinnerung/doc deprecated-list.html
2002.01.12 20:22 B D:\java\projects\MEMORY\javadocs\help-doc.html --> www.a46.de /erinnerung/doc help-doc.html
2002.01.12 20:22 B D:\java\projects\MEMORY\javadocs\index-all.html --> www.a46.de /erinnerung/doc index-all.html
2002.01.12 20:22 B D:\java\projects\MEMORY\javadocs\index.html --> www.a46.de /erinnerung/doc index.html
2002.01.12 20:22 B D:\java\projects\MEMORY\javadocs\overview-frame.html --> www.a46.de /erinnerung/doc overview-frame.html
2002.01.12 20:22 B D:\java\projects\MEMORY\javadocs\overview-summary.html --> www.a46.de /erinnerung/doc overview-summary.html
2002.01.12 20:22 B D:\java\projects\MEMORY\javadocs\overview-tree.html --> www.a46.de /erinnerung/doc overview-tree.html
2002.01.12 20:22 B D:\java\projects\MEMORY\javadocs\overview.html --> www.a46.de /erinnerung/doc overview.html
2002.01.12 20:22 B D:\java\projects\MEMORY\javadocs\package-list --> www.a46.de /erinnerung/doc package-list
2002.01.12 20:22 B D:\java\projects\MEMORY\javadocs\packages.html --> www.a46.de /erinnerung/doc packages.html
2002.01.12 20:22 B D:\java\projects\MEMORY\javadocs\serialized-form.html --> www.a46.de /erinnerung/doc serialized-form.html
2002.01.12 20:22 B D:\java\projects\MEMORY\javadocs\stylesheet.css --> www.a46.de /erinnerung/doc stylesheet.css
2002.06.11 23:16 B D:\java\projects\MEMORY\javadocs\stylesheet.css --> www.kinnla.de /erinnerung/doc stylesheet.css
2002.06.11 23:16 B D:\java\projects\MEMORY\javadocs\serialized-form.html --> www.kinnla.de /erinnerung/doc serialized-form.html
2002.06.11 23:16 B D:\java\projects\MEMORY\javadocs\packages.html --> www.kinnla.de /erinnerung/doc packages.html
2002.06.11 23:16 B D:\java\projects\MEMORY\javadocs\package-list --> www.kinnla.de /erinnerung/doc package-list
2002.06.11 23:16 B D:\java\projects\MEMORY\javadocs\overview-tree.html --> www.kinnla.de /erinnerung/doc overview-tree.html
2002.06.11 23:16 B D:\java\projects\MEMORY\javadocs\overview-summary.html --> www.kinnla.de /erinnerung/doc overview-summary.html
2002.06.11 23:16 B D:\java\projects\MEMORY\javadocs\overview-frame.html --> www.kinnla.de /erinnerung/doc overview-frame.html
2002.06.11 23:16 B D:\java\projects\MEMORY\javadocs\javadoc_protocol.txt --> www.kinnla.de /erinnerung/doc javadoc_protocol.txt
2002.06.11 23:16 B D:\java\projects\MEMORY\javadocs\index.html --> www.kinnla.de /erinnerung/doc index.html
2002.06.11 23:16 B D:\java\projects\MEMORY\javadocs\index-all.html --> www.kinnla.de /erinnerung/doc index-all.html
2002.06.11 23:16 B D:\java\projects\MEMORY\javadocs\help-doc.html --> www.kinnla.de /erinnerung/doc help-doc.html
2002.06.11 23:16 B D:\java\projects\MEMORY\javadocs\deprecated-list.html --> www.kinnla.de /erinnerung/doc deprecated-list.html
2002.06.11 23:16 B D:\java\projects\MEMORY\javadocs\allclasses-frame.html --> www.kinnla.de /erinnerung/doc allclasses-frame.html
2002.06.28 22:01 B D:\java\projects\MEMORY\v_1.0\doc\WS_FTP.LOG <-- kinnlade /erinnerung/doc WS_FTP.LOG
2002.06.29 00:02 B C:\Programme\Apache Group\Apache\htdocs\erinnerung\doc\allclasses-frame.html --> www.kinnla.de /debug/doc allclasses-frame.html
2002.06.29 00:02 B C:\Programme\Apache Group\Apache\htdocs\erinnerung\doc\deprecated-list.html --> www.kinnla.de /debug/doc deprecated-list.html
2002.06.29 00:02 B C:\Programme\Apache Group\Apache\htdocs\erinnerung\doc\help-doc.html --> www.kinnla.de /debug/doc help-doc.html
2002.06.29 00:02 B C:\Programme\Apache Group\Apache\htdocs\erinnerung\doc\index-all.html --> www.kinnla.de /debug/doc index-all.html
2002.06.29 00:02 B C:\Programme\Apache Group\Apache\htdocs\erinnerung\doc\index.html --> www.kinnla.de /debug/doc index.html
2002.06.29 00:02 B C:\Programme\Apache Group\Apache\htdocs\erinnerung\doc\javadoc_protocol.txt --> www.kinnla.de /debug/doc javadoc_protocol.txt
2002.06.29 00:02 B C:\Programme\Apache Group\Apache\htdocs\erinnerung\doc\javadoc_start.bat --> www.kinnla.de /debug/doc javadoc_start.bat
2002.06.29 00:02 B C:\Programme\Apache Group\Apache\htdocs\erinnerung\doc\overview-frame.html --> www.kinnla.de /debug/doc overview-frame.html
2002.06.29 00:02 B C:\Programme\Apache Group\Apache\htdocs\erinnerung\doc\overview-summary.html --> www.kinnla.de /debug/doc overview-summary.html
2002.06.29 00:02 B C:\Programme\Apache Group\Apache\htdocs\erinnerung\doc\overview-tree.html --> www.kinnla.de /debug/doc overview-tree.html
2002.06.29 00:02 B C:\Programme\Apache Group\Apache\htdocs\erinnerung\doc\overview.html --> www.kinnla.de /debug/doc overview.html
2002.06.29 00:02 B C:\Programme\Apache Group\Apache\htdocs\erinnerung\doc\package-list --> www.kinnla.de /debug/doc package-list
2002.06.29 00:02 B C:\Programme\Apache Group\Apache\htdocs\erinnerung\doc\packages.html --> www.kinnla.de /debug/doc packages.html
2002.06.29 00:02 B C:\Programme\Apache Group\Apache\htdocs\erinnerung\doc\serialized-form.html --> www.kinnla.de /debug/doc serialized-form.html
2002.06.29 00:02 B C:\Programme\Apache Group\Apache\htdocs\erinnerung\doc\stylesheet.css --> www.kinnla.de /debug/doc stylesheet.css
2002.06.29 00:02 B C:\Programme\Apache Group\Apache\htdocs\erinnerung\doc\WS_FTP.LOG --> www.kinnla.de /debug/doc WS_FTP.LOG
