2001.11.17 02:14 B D:\memory\src\memory\Animator.java --> ftp.geocities.com /t_boitle_science/project/src/memory Animator.java
2001.11.17 02:14 B D:\memory\src\memory\ButtonPanel.java --> ftp.geocities.com /t_boitle_science/project/src/memory ButtonPanel.java
2001.11.17 02:14 B D:\memory\src\memory\CenterHiddenCardPanel.java --> ftp.geocities.com /t_boitle_science/project/src/memory CenterHiddenCardPanel.java
2001.11.17 02:14 B D:\memory\src\memory\Constants.java --> ftp.geocities.com /t_boitle_science/project/src/memory Constants.java
2001.11.17 02:14 B D:\memory\src\memory\FieldPanel.java --> ftp.geocities.com /t_boitle_science/project/src/memory FieldPanel.java
2001.11.17 02:14 B D:\memory\src\memory\Game.java --> ftp.geocities.com /t_boitle_science/project/src/memory Game.java
2001.11.17 02:14 B D:\memory\src\memory\HiddenCardPanel.java --> ftp.geocities.com /t_boitle_science/project/src/memory HiddenCardPanel.java
2001.11.17 02:14 B D:\memory\src\memory\LeftPanel.java --> ftp.geocities.com /t_boitle_science/project/src/memory LeftPanel.java
2001.11.17 02:14 B D:\memory\src\memory\MainPanel.java --> ftp.geocities.com /t_boitle_science/project/src/memory MainPanel.java
2001.11.17 02:14 B D:\memory\src\memory\Settings.java --> ftp.geocities.com /t_boitle_science/project/src/memory Settings.java
2001.11.17 02:14 B D:\memory\src\memory\ShowCardPanel.java --> ftp.geocities.com /t_boitle_science/project/src/memory ShowCardPanel.java
2002.01.18 15:31 B D:\java\projects\MEMORY\src\de\a46\memory\de_a46_memory.html --> www.a46.de /erinnerung/doc/de/a46/memory de_a46_memory.html
2002.01.18 15:41 B D:\java\projects\MEMORY\src\de\a46\memory\class_diagram.html --> www.a46.de /erinnerung/doc/de/a46/memory/gui class_diagram.html
2002.01.18 15:42 B D:\java\projects\MEMORY\src\de\a46\memory\class_diagram.html --> www.a46.de /erinnerung/doc/de/a46/memory class_diagram.html
2002.01.18 15:44 B D:\java\projects\MEMORY\src\de\a46\memory\class_diagram.html --> www.a46.de /erinnerung/doc/de/a46/memory class_diagram.html
2002.06.29 00:04 B C:\Programme\Apache Group\Apache\htdocs\erinnerung\src\de\a46\memory\class_diagram.html --> www.kinnla.de /debug/src/de/a46/memory class_diagram.html
2002.06.29 00:04 B C:\Programme\Apache Group\Apache\htdocs\erinnerung\src\de\a46\memory\DelayInvokator.java --> www.kinnla.de /debug/src/de/a46/memory DelayInvokator.java
2002.06.29 00:04 B C:\Programme\Apache Group\Apache\htdocs\erinnerung\src\de\a46\memory\Game.java --> www.kinnla.de /debug/src/de/a46/memory Game.java
2002.06.29 00:04 B C:\Programme\Apache Group\Apache\htdocs\erinnerung\src\de\a46\memory\Loader.java --> www.kinnla.de /debug/src/de/a46/memory Loader.java
2002.06.29 00:04 B C:\Programme\Apache Group\Apache\htdocs\erinnerung\src\de\a46\memory\LoadEvent.java --> www.kinnla.de /debug/src/de/a46/memory LoadEvent.java
2002.06.29 00:04 B C:\Programme\Apache Group\Apache\htdocs\erinnerung\src\de\a46\memory\LoadListener.java --> www.kinnla.de /debug/src/de/a46/memory LoadListener.java
2002.06.29 00:04 B C:\Programme\Apache Group\Apache\htdocs\erinnerung\src\de\a46\memory\MGUI.java --> www.kinnla.de /debug/src/de/a46/memory MGUI.java
2002.06.29 00:04 B C:\Programme\Apache Group\Apache\htdocs\erinnerung\src\de\a46\memory\MProperties.java --> www.kinnla.de /debug/src/de/a46/memory MProperties.java
2002.06.29 00:04 B C:\Programme\Apache Group\Apache\htdocs\erinnerung\src\de\a46\memory\MultimediaProvider.java --> www.kinnla.de /debug/src/de/a46/memory MultimediaProvider.java
2002.06.29 00:04 B C:\Programme\Apache Group\Apache\htdocs\erinnerung\src\de\a46\memory\Multimedias.java --> www.kinnla.de /debug/src/de/a46/memory Multimedias.java
2002.06.29 00:04 B C:\Programme\Apache Group\Apache\htdocs\erinnerung\src\de\a46\memory\package.html --> www.kinnla.de /debug/src/de/a46/memory package.html
2002.06.29 00:04 B C:\Programme\Apache Group\Apache\htdocs\erinnerung\src\de\a46\memory\ParameterProvider.java --> www.kinnla.de /debug/src/de/a46/memory ParameterProvider.java
2002.06.29 00:04 B C:\Programme\Apache Group\Apache\htdocs\erinnerung\src\de\a46\memory\Starter.java --> www.kinnla.de /debug/src/de/a46/memory Starter.java
2002.06.29 00:04 B C:\Programme\Apache Group\Apache\htdocs\erinnerung\src\de\a46\memory\TextGetter.java --> www.kinnla.de /debug/src/de/a46/memory TextGetter.java
2002.06.29 00:04 B C:\Programme\Apache Group\Apache\htdocs\erinnerung\src\de\a46\memory\UserActionListener.java --> www.kinnla.de /debug/src/de/a46/memory UserActionListener.java
2002.06.29 00:04 B C:\Programme\Apache Group\Apache\htdocs\erinnerung\src\de\a46\memory\WS_FTP.LOG --> www.kinnla.de /debug/src/de/a46/memory WS_FTP.LOG
