2002.06.28 22:02 B D:\java\projects\MEMORY\v_1.0\images2\Index_01.jpg <-- kinnlade /erinnerung/images2 Index_01.jpg
2002.06.28 22:02 B D:\java\projects\MEMORY\v_1.0\images2\Index_02.jpg <-- kinnlade /erinnerung/images2 Index_02.jpg
2002.06.28 22:02 B D:\java\projects\MEMORY\v_1.0\images2\Index_03-down.jpg <-- kinnlade /erinnerung/images2 Index_03-down.jpg
2002.06.28 22:02 B D:\java\projects\MEMORY\v_1.0\images2\Index_03-Index_10_over.jpg <-- kinnlade /erinnerung/images2 Index_03-Index_10_over.jpg
2002.06.28 22:02 B D:\java\projects\MEMORY\v_1.0\images2\Index_03-over.jpg <-- kinnlade /erinnerung/images2 Index_03-over.jpg
2002.06.28 22:02 B D:\java\projects\MEMORY\v_1.0\images2\Index_03.jpg <-- kinnlade /erinnerung/images2 Index_03.jpg
2002.06.28 22:02 B D:\java\projects\MEMORY\v_1.0\images2\Index_04-Index_10_over.jpg <-- kinnlade /erinnerung/images2 Index_04-Index_10_over.jpg
2002.06.28 22:02 B D:\java\projects\MEMORY\v_1.0\images2\Index_04.jpg <-- kinnlade /erinnerung/images2 Index_04.jpg
2002.06.28 22:02 B D:\java\projects\MEMORY\v_1.0\images2\Index_05-down.jpg <-- kinnlade /erinnerung/images2 Index_05-down.jpg
2002.06.28 22:02 B D:\java\projects\MEMORY\v_1.0\images2\Index_05-Index_10_over.jpg <-- kinnlade /erinnerung/images2 Index_05-Index_10_over.jpg
2002.06.28 22:02 B D:\java\projects\MEMORY\v_1.0\images2\Index_05-over.jpg <-- kinnlade /erinnerung/images2 Index_05-over.jpg
2002.06.28 22:02 B D:\java\projects\MEMORY\v_1.0\images2\Index_05.jpg <-- kinnlade /erinnerung/images2 Index_05.jpg
2002.06.28 22:02 B D:\java\projects\MEMORY\v_1.0\images2\Index_06-Index_10_over.jpg <-- kinnlade /erinnerung/images2 Index_06-Index_10_over.jpg
2002.06.28 22:02 B D:\java\projects\MEMORY\v_1.0\images2\Index_06.jpg <-- kinnlade /erinnerung/images2 Index_06.jpg
2002.06.28 22:02 B D:\java\projects\MEMORY\v_1.0\images2\Index_07-Index_10_down.jpg <-- kinnlade /erinnerung/images2 Index_07-Index_10_down.jpg
2002.06.28 22:02 B D:\java\projects\MEMORY\v_1.0\images2\Index_07-Index_10_over.jpg <-- kinnlade /erinnerung/images2 Index_07-Index_10_over.jpg
2002.06.28 22:02 B D:\java\projects\MEMORY\v_1.0\images2\Index_07.jpg <-- kinnlade /erinnerung/images2 Index_07.jpg
2002.06.28 22:02 B D:\java\projects\MEMORY\v_1.0\images2\Index_08-Index_10_over.jpg <-- kinnlade /erinnerung/images2 Index_08-Index_10_over.jpg
2002.06.28 22:02 B D:\java\projects\MEMORY\v_1.0\images2\Index_08.jpg <-- kinnlade /erinnerung/images2 Index_08.jpg
2002.06.28 22:02 B D:\java\projects\MEMORY\v_1.0\images2\Index_09.jpg <-- kinnlade /erinnerung/images2 Index_09.jpg
2002.06.28 22:02 B D:\java\projects\MEMORY\v_1.0\images2\Index_10-down.jpg <-- kinnlade /erinnerung/images2 Index_10-down.jpg
2002.06.28 22:02 B D:\java\projects\MEMORY\v_1.0\images2\Index_10-over.jpg <-- kinnlade /erinnerung/images2 Index_10-over.jpg
2002.06.28 22:02 B D:\java\projects\MEMORY\v_1.0\images2\Index_10.jpg <-- kinnlade /erinnerung/images2 Index_10.jpg
2002.06.28 22:02 B D:\java\projects\MEMORY\v_1.0\images2\Index_11.jpg <-- kinnlade /erinnerung/images2 Index_11.jpg
2002.06.28 22:02 B D:\java\projects\MEMORY\v_1.0\images2\Index_12.jpg <-- kinnlade /erinnerung/images2 Index_12.jpg
2002.06.29 00:03 B C:\Programme\Apache Group\Apache\htdocs\erinnerung\images2\Index_01.jpg --> www.kinnla.de /debug/images2 Index_01.jpg
2002.06.29 00:03 B C:\Programme\Apache Group\Apache\htdocs\erinnerung\images2\Index_02.jpg --> www.kinnla.de /debug/images2 Index_02.jpg
2002.06.29 00:03 B C:\Programme\Apache Group\Apache\htdocs\erinnerung\images2\Index_03-down.jpg --> www.kinnla.de /debug/images2 Index_03-down.jpg
2002.06.29 00:03 B C:\Programme\Apache Group\Apache\htdocs\erinnerung\images2\Index_03-Index_10_over.jpg --> www.kinnla.de /debug/images2 Index_03-Index_10_over.jpg
2002.06.29 00:03 B C:\Programme\Apache Group\Apache\htdocs\erinnerung\images2\Index_03-over.jpg --> www.kinnla.de /debug/images2 Index_03-over.jpg
2002.06.29 00:03 B C:\Programme\Apache Group\Apache\htdocs\erinnerung\images2\Index_03.jpg --> www.kinnla.de /debug/images2 Index_03.jpg
2002.06.29 00:03 B C:\Programme\Apache Group\Apache\htdocs\erinnerung\images2\Index_04-Index_10_over.jpg --> www.kinnla.de /debug/images2 Index_04-Index_10_over.jpg
2002.06.29 00:03 B C:\Programme\Apache Group\Apache\htdocs\erinnerung\images2\Index_04.jpg --> www.kinnla.de /debug/images2 Index_04.jpg
2002.06.29 00:03 B C:\Programme\Apache Group\Apache\htdocs\erinnerung\images2\Index_05-down.jpg --> www.kinnla.de /debug/images2 Index_05-down.jpg
2002.06.29 00:03 B C:\Programme\Apache Group\Apache\htdocs\erinnerung\images2\Index_05-Index_10_over.jpg --> www.kinnla.de /debug/images2 Index_05-Index_10_over.jpg
2002.06.29 00:03 B C:\Programme\Apache Group\Apache\htdocs\erinnerung\images2\Index_05-over.jpg --> www.kinnla.de /debug/images2 Index_05-over.jpg
2002.06.29 00:03 B C:\Programme\Apache Group\Apache\htdocs\erinnerung\images2\Index_05.jpg --> www.kinnla.de /debug/images2 Index_05.jpg
2002.06.29 00:03 B C:\Programme\Apache Group\Apache\htdocs\erinnerung\images2\Index_06-Index_10_over.jpg --> www.kinnla.de /debug/images2 Index_06-Index_10_over.jpg
2002.06.29 00:03 B C:\Programme\Apache Group\Apache\htdocs\erinnerung\images2\Index_06.jpg --> www.kinnla.de /debug/images2 Index_06.jpg
2002.06.29 00:03 B C:\Programme\Apache Group\Apache\htdocs\erinnerung\images2\Index_07-Index_10_down.jpg --> www.kinnla.de /debug/images2 Index_07-Index_10_down.jpg
2002.06.29 00:03 B C:\Programme\Apache Group\Apache\htdocs\erinnerung\images2\Index_07-Index_10_over.jpg --> www.kinnla.de /debug/images2 Index_07-Index_10_over.jpg
2002.06.29 00:03 B C:\Programme\Apache Group\Apache\htdocs\erinnerung\images2\Index_07.jpg --> www.kinnla.de /debug/images2 Index_07.jpg
2002.06.29 00:03 B C:\Programme\Apache Group\Apache\htdocs\erinnerung\images2\Index_08-Index_10_over.jpg --> www.kinnla.de /debug/images2 Index_08-Index_10_over.jpg
2002.06.29 00:03 B C:\Programme\Apache Group\Apache\htdocs\erinnerung\images2\Index_08.jpg --> www.kinnla.de /debug/images2 Index_08.jpg
2002.06.29 00:03 B C:\Programme\Apache Group\Apache\htdocs\erinnerung\images2\Index_09.jpg --> www.kinnla.de /debug/images2 Index_09.jpg
2002.06.29 00:03 B C:\Programme\Apache Group\Apache\htdocs\erinnerung\images2\Index_10-down.jpg --> www.kinnla.de /debug/images2 Index_10-down.jpg
2002.06.29 00:03 B C:\Programme\Apache Group\Apache\htdocs\erinnerung\images2\Index_10-over.jpg --> www.kinnla.de /debug/images2 Index_10-over.jpg
2002.06.29 00:03 B C:\Programme\Apache Group\Apache\htdocs\erinnerung\images2\Index_10.jpg --> www.kinnla.de /debug/images2 Index_10.jpg
2002.06.29 00:03 B C:\Programme\Apache Group\Apache\htdocs\erinnerung\images2\Index_11.jpg --> www.kinnla.de /debug/images2 Index_11.jpg
2002.06.29 00:03 B C:\Programme\Apache Group\Apache\htdocs\erinnerung\images2\Index_12.jpg --> www.kinnla.de /debug/images2 Index_12.jpg
2002.06.29 00:03 B C:\Programme\Apache Group\Apache\htdocs\erinnerung\images2\WS_FTP.LOG --> www.kinnla.de /debug/images2 WS_FTP.LOG
