2002.01.18 15:31 B D:\java\projects\MEMORY\src\de\a46\memory\gui\de_a46_memory_gui.html --> www.a46.de /erinnerung/doc/de/a46/memory/gui de_a46_memory_gui.html
2002.01.18 15:41 B D:\java\projects\MEMORY\src\de\a46\memory\gui\class_diagram.html --> www.a46.de /erinnerung/doc/de/a46/memory/gui class_diagram.html
2002.01.18 15:42 B D:\java\projects\MEMORY\src\de\a46\memory\gui\class_diagram.html --> www.a46.de /erinnerung/doc/de/a46/memory/gui class_diagram.html
2002.01.18 15:43 B D:\java\projects\MEMORY\src\de\a46\memory\gui\class_diagram.html --> www.a46.de /erinnerung/doc/de/a46/memory/gui class_diagram.html
2002.01.18 15:44 B D:\java\projects\MEMORY\src\de\a46\memory\gui\class_diagram.html --> www.a46.de /erinnerung/doc/de/a46/memory/gui class_diagram.html
2002.06.29 00:04 B C:\Programme\Apache Group\Apache\htdocs\erinnerung\src\de\a46\memory\gui\ButtonbarListener.java --> www.kinnla.de /debug/src/de/a46/memory/gui ButtonbarListener.java
2002.06.29 00:04 B C:\Programme\Apache Group\Apache\htdocs\erinnerung\src\de\a46\memory\gui\ButtonbarPanel.java --> www.kinnla.de /debug/src/de/a46/memory/gui ButtonbarPanel.java
2002.06.29 00:04 B C:\Programme\Apache Group\Apache\htdocs\erinnerung\src\de\a46\memory\gui\class_diagram.html --> www.kinnla.de /debug/src/de/a46/memory/gui class_diagram.html
2002.06.29 00:04 B C:\Programme\Apache Group\Apache\htdocs\erinnerung\src\de\a46\memory\gui\ExitPanel.java --> www.kinnla.de /debug/src/de/a46/memory/gui ExitPanel.java
2002.06.29 00:04 B C:\Programme\Apache Group\Apache\htdocs\erinnerung\src\de\a46\memory\gui\FieldPanel.java --> www.kinnla.de /debug/src/de/a46/memory/gui FieldPanel.java
2002.06.29 00:04 B C:\Programme\Apache Group\Apache\htdocs\erinnerung\src\de\a46\memory\gui\HelpPanel.java --> www.kinnla.de /debug/src/de/a46/memory/gui HelpPanel.java
2002.06.29 00:04 B C:\Programme\Apache Group\Apache\htdocs\erinnerung\src\de\a46\memory\gui\HiddencardPanel.java --> www.kinnla.de /debug/src/de/a46/memory/gui HiddencardPanel.java
2002.06.29 00:04 B C:\Programme\Apache Group\Apache\htdocs\erinnerung\src\de\a46\memory\gui\LeftPanel.java --> www.kinnla.de /debug/src/de/a46/memory/gui LeftPanel.java
2002.06.29 00:04 B C:\Programme\Apache Group\Apache\htdocs\erinnerung\src\de\a46\memory\gui\MainPanel.java --> www.kinnla.de /debug/src/de/a46/memory/gui MainPanel.java
2002.06.29 00:04 B C:\Programme\Apache Group\Apache\htdocs\erinnerung\src\de\a46\memory\gui\MButton.java --> www.kinnla.de /debug/src/de/a46/memory/gui MButton.java
2002.06.29 00:04 B C:\Programme\Apache Group\Apache\htdocs\erinnerung\src\de\a46\memory\gui\MPanel.java --> www.kinnla.de /debug/src/de/a46/memory/gui MPanel.java
2002.06.29 00:04 B C:\Programme\Apache Group\Apache\htdocs\erinnerung\src\de\a46\memory\gui\MPanelListener.java --> www.kinnla.de /debug/src/de/a46/memory/gui MPanelListener.java
2002.06.29 00:04 B C:\Programme\Apache Group\Apache\htdocs\erinnerung\src\de\a46\memory\gui\MultiImagePanel.java --> www.kinnla.de /debug/src/de/a46/memory/gui MultiImagePanel.java
2002.06.29 00:04 B C:\Programme\Apache Group\Apache\htdocs\erinnerung\src\de\a46\memory\gui\package.html --> www.kinnla.de /debug/src/de/a46/memory/gui package.html
2002.06.29 00:04 B C:\Programme\Apache Group\Apache\htdocs\erinnerung\src\de\a46\memory\gui\RessourceContainer.java --> www.kinnla.de /debug/src/de/a46/memory/gui RessourceContainer.java
2002.06.29 00:04 B C:\Programme\Apache Group\Apache\htdocs\erinnerung\src\de\a46\memory\gui\RightPanel.java --> www.kinnla.de /debug/src/de/a46/memory/gui RightPanel.java
2002.06.29 00:04 B C:\Programme\Apache Group\Apache\htdocs\erinnerung\src\de\a46\memory\gui\WS_FTP.LOG --> www.kinnla.de /debug/src/de/a46/memory/gui WS_FTP.LOG
2002.06.29 00:04 B C:\Programme\Apache Group\Apache\htdocs\erinnerung\src\de\a46\memory\gui\YesNoListener.java --> www.kinnla.de /debug/src/de/a46/memory/gui YesNoListener.java
