2002.06.28 22:01 B D:\java\projects\MEMORY\v_1.0\images\3D-Uhr.jpg <-- kinnlade /erinnerung/images 3D-Uhr.jpg
2002.06.28 22:01 B D:\java\projects\MEMORY\v_1.0\images\AtompilzTypoDigimarc.gif <-- kinnlade /erinnerung/images AtompilzTypoDigimarc.gif
2002.06.28 22:01 B D:\java\projects\MEMORY\v_1.0\images\Aufgehaengt.gif <-- kinnlade /erinnerung/images Aufgehaengt.gif
2002.06.28 22:01 B D:\java\projects\MEMORY\v_1.0\images\Babyschrei.jpg <-- kinnlade /erinnerung/images Babyschrei.jpg
2002.06.28 22:01 B D:\java\projects\MEMORY\v_1.0\images\Bleistift-Beisserin.jpg <-- kinnlade /erinnerung/images Bleistift-Beisserin.jpg
2002.06.28 22:01 B D:\java\projects\MEMORY\v_1.0\images\CFaserDigimarc.gif <-- kinnlade /erinnerung/images CFaserDigimarc.gif
2002.06.28 22:01 B D:\java\projects\MEMORY\v_1.0\images\EinsamDigimarc.gif <-- kinnlade /erinnerung/images EinsamDigimarc.gif
2002.06.28 22:01 B D:\java\projects\MEMORY\v_1.0\images\EuropaBearbeitet.gif <-- kinnlade /erinnerung/images EuropaBearbeitet.gif
2002.06.28 22:01 B D:\java\projects\MEMORY\v_1.0\images\Fieber.jpg <-- kinnlade /erinnerung/images Fieber.jpg
2002.06.28 22:01 B D:\java\projects\MEMORY\v_1.0\images\FragezCopyr2001kyouGMXnet.jpg <-- kinnlade /erinnerung/images FragezCopyr2001kyouGMXnet.jpg
2002.06.28 22:01 B D:\java\projects\MEMORY\v_1.0\images\Frau-Massband.gif <-- kinnlade /erinnerung/images Frau-Massband.gif
2002.06.28 22:01 B D:\java\projects\MEMORY\v_1.0\images\Frau-mit-Metallhalskrause.gif <-- kinnlade /erinnerung/images Frau-mit-Metallhalskrause.gif
2002.06.28 22:01 B D:\java\projects\MEMORY\v_1.0\images\GeburtFertig.gif <-- kinnlade /erinnerung/images GeburtFertig.gif
2002.06.28 22:01 B D:\java\projects\MEMORY\v_1.0\images\GeburtGifZensiert.gif <-- kinnlade /erinnerung/images GeburtGifZensiert.gif
2002.06.28 22:01 B D:\java\projects\MEMORY\v_1.0\images\GeisterzeichnungDigimarc.gif <-- kinnlade /erinnerung/images GeisterzeichnungDigimarc.gif
2002.06.28 22:01 B D:\java\projects\MEMORY\v_1.0\images\GhirnDigimarc.gif <-- kinnlade /erinnerung/images GhirnDigimarc.gif
2002.06.28 22:01 B D:\java\projects\MEMORY\v_1.0\images\Gleichgueltigkeit.gif <-- kinnlade /erinnerung/images Gleichgueltigkeit.gif
2002.06.28 22:01 B D:\java\projects\MEMORY\v_1.0\images\GruenewaldKreuzigungFertig.jpg <-- kinnlade /erinnerung/images GruenewaldKreuzigungFertig.jpg
2002.06.28 22:01 B D:\java\projects\MEMORY\v_1.0\images\IstDerSchmerzInDirDigimarc.gif <-- kinnlade /erinnerung/images IstDerSchmerzInDirDigimarc.gif
2002.06.28 22:01 B D:\java\projects\MEMORY\v_1.0\images\Kapseleinschlag.jpg <-- kinnlade /erinnerung/images Kapseleinschlag.jpg
2002.06.28 22:01 B D:\java\projects\MEMORY\v_1.0\images\landmine.gif <-- kinnlade /erinnerung/images landmine.gif
2002.06.28 22:01 B D:\java\projects\MEMORY\v_1.0\images\LS-Blau.jpg <-- kinnlade /erinnerung/images LS-Blau.jpg
2002.06.28 22:01 B D:\java\projects\MEMORY\v_1.0\images\LS-BW.jpg <-- kinnlade /erinnerung/images LS-BW.jpg
2002.06.28 22:01 B D:\java\projects\MEMORY\v_1.0\images\LS-Gruen.jpg <-- kinnlade /erinnerung/images LS-Gruen.jpg
2002.06.28 22:01 B D:\java\projects\MEMORY\v_1.0\images\LS-Invers-BW.jpg <-- kinnlade /erinnerung/images LS-Invers-BW.jpg
2002.06.28 22:01 B D:\java\projects\MEMORY\v_1.0\images\LS-Invers-Gruen.jpg <-- kinnlade /erinnerung/images LS-Invers-Gruen.jpg
2002.06.28 22:01 B D:\java\projects\MEMORY\v_1.0\images\LS-Rot.jpg <-- kinnlade /erinnerung/images LS-Rot.jpg
2002.06.28 22:01 B D:\java\projects\MEMORY\v_1.0\images\M-k-n-mit-ihnen.jpg <-- kinnlade /erinnerung/images M-k-n-mit-ihnen.jpg
2002.06.28 22:01 B D:\java\projects\MEMORY\v_1.0\images\MarquisDeSadeFertig.gif <-- kinnlade /erinnerung/images MarquisDeSadeFertig.gif
2002.06.28 22:01 B D:\java\projects\MEMORY\v_1.0\images\Maske.gif <-- kinnlade /erinnerung/images Maske.gif
2002.06.28 22:01 B D:\java\projects\MEMORY\v_1.0\images\NeuRoh.jpg <-- kinnlade /erinnerung/images NeuRoh.jpg
2002.06.28 22:02 B D:\java\projects\MEMORY\v_1.0\images\Pfeil-HerzDigimarc.jpg <-- kinnlade /erinnerung/images Pfeil-HerzDigimarc.jpg
2002.06.28 22:02 B D:\java\projects\MEMORY\v_1.0\images\PulsaderFertig.jpg <-- kinnlade /erinnerung/images PulsaderFertig.jpg
2002.06.28 22:02 B D:\java\projects\MEMORY\v_1.0\images\R-Schaedel-Haende.jpg <-- kinnlade /erinnerung/images R-Schaedel-Haende.jpg
2002.06.28 22:02 B D:\java\projects\MEMORY\v_1.0\images\Rohrschacht.gif <-- kinnlade /erinnerung/images Rohrschacht.gif
2002.06.28 22:02 B D:\java\projects\MEMORY\v_1.0\images\Rueckenschmerz.jpg <-- kinnlade /erinnerung/images Rueckenschmerz.jpg
2002.06.28 22:02 B D:\java\projects\MEMORY\v_1.0\images\Scherbengesicht.gif <-- kinnlade /erinnerung/images Scherbengesicht.gif
2002.06.28 22:02 B D:\java\projects\MEMORY\v_1.0\images\SchmetterlingskindDigimarc.gif <-- kinnlade /erinnerung/images SchmetterlingskindDigimarc.gif
2002.06.28 22:02 B D:\java\projects\MEMORY\v_1.0\images\SchwesterDerLustDigimarc.gif <-- kinnlade /erinnerung/images SchwesterDerLustDigimarc.gif
2002.06.28 22:02 B D:\java\projects\MEMORY\v_1.0\images\SpaltDigimarc.gif <-- kinnlade /erinnerung/images SpaltDigimarc.gif
2002.06.28 22:02 B D:\java\projects\MEMORY\v_1.0\images\SpritzeDigimarc.gif <-- kinnlade /erinnerung/images SpritzeDigimarc.gif
2002.06.28 22:02 B D:\java\projects\MEMORY\v_1.0\images\StacheldrahtBauch.gif <-- kinnlade /erinnerung/images StacheldrahtBauch.gif
2002.06.28 22:02 B D:\java\projects\MEMORY\v_1.0\images\Steckdose.gif <-- kinnlade /erinnerung/images Steckdose.gif
2002.06.28 22:02 B D:\java\projects\MEMORY\v_1.0\images\Tabasco.gif <-- kinnlade /erinnerung/images Tabasco.gif
2002.06.28 22:02 B D:\java\projects\MEMORY\v_1.0\images\TreppeRuntergefallen.gif <-- kinnlade /erinnerung/images TreppeRuntergefallen.gif
2002.06.28 22:02 B D:\java\projects\MEMORY\v_1.0\images\u-m-k-n-ohne-sie.jpg <-- kinnlade /erinnerung/images u-m-k-n-ohne-sie.jpg
2002.06.28 22:02 B D:\java\projects\MEMORY\v_1.0\images\VerDigimarc.gif <-- kinnlade /erinnerung/images VerDigimarc.gif
2002.06.29 00:02 B C:\Programme\Apache Group\Apache\htdocs\erinnerung\images\3D-Uhr.jpg --> www.kinnla.de /debug/images 3D-Uhr.jpg
2002.06.29 00:02 B C:\Programme\Apache Group\Apache\htdocs\erinnerung\images\AtompilzTypoDigimarc.gif --> www.kinnla.de /debug/images AtompilzTypoDigimarc.gif
2002.06.29 00:02 B C:\Programme\Apache Group\Apache\htdocs\erinnerung\images\Aufgehaengt.gif --> www.kinnla.de /debug/images Aufgehaengt.gif
2002.06.29 00:02 B C:\Programme\Apache Group\Apache\htdocs\erinnerung\images\Babyschrei.jpg --> www.kinnla.de /debug/images Babyschrei.jpg
2002.06.29 00:02 B C:\Programme\Apache Group\Apache\htdocs\erinnerung\images\Bleistift-Beisserin.jpg --> www.kinnla.de /debug/images Bleistift-Beisserin.jpg
2002.06.29 00:02 B C:\Programme\Apache Group\Apache\htdocs\erinnerung\images\CFaserDigimarc.gif --> www.kinnla.de /debug/images CFaserDigimarc.gif
2002.06.29 00:02 B C:\Programme\Apache Group\Apache\htdocs\erinnerung\images\EinsamDigimarc.gif --> www.kinnla.de /debug/images EinsamDigimarc.gif
2002.06.29 00:02 B C:\Programme\Apache Group\Apache\htdocs\erinnerung\images\EuropaBearbeitet.gif --> www.kinnla.de /debug/images EuropaBearbeitet.gif
2002.06.29 00:02 B C:\Programme\Apache Group\Apache\htdocs\erinnerung\images\Fieber.jpg --> www.kinnla.de /debug/images Fieber.jpg
2002.06.29 00:02 B C:\Programme\Apache Group\Apache\htdocs\erinnerung\images\FragezCopyr2001kyouGMXnet.jpg --> www.kinnla.de /debug/images FragezCopyr2001kyouGMXnet.jpg
2002.06.29 00:02 B C:\Programme\Apache Group\Apache\htdocs\erinnerung\images\Frau-Massband.gif --> www.kinnla.de /debug/images Frau-Massband.gif
2002.06.29 00:02 B C:\Programme\Apache Group\Apache\htdocs\erinnerung\images\Frau-mit-Metallhalskrause.gif --> www.kinnla.de /debug/images Frau-mit-Metallhalskrause.gif
2002.06.29 00:02 B C:\Programme\Apache Group\Apache\htdocs\erinnerung\images\GeburtFertig.gif --> www.kinnla.de /debug/images GeburtFertig.gif
2002.06.29 00:02 B C:\Programme\Apache Group\Apache\htdocs\erinnerung\images\GeburtGifZensiert.gif --> www.kinnla.de /debug/images GeburtGifZensiert.gif
2002.06.29 00:02 B C:\Programme\Apache Group\Apache\htdocs\erinnerung\images\GeisterzeichnungDigimarc.gif --> www.kinnla.de /debug/images GeisterzeichnungDigimarc.gif
2002.06.29 00:02 B C:\Programme\Apache Group\Apache\htdocs\erinnerung\images\GhirnDigimarc.gif --> www.kinnla.de /debug/images GhirnDigimarc.gif
2002.06.29 00:02 B C:\Programme\Apache Group\Apache\htdocs\erinnerung\images\Gleichgueltigkeit.gif --> www.kinnla.de /debug/images Gleichgueltigkeit.gif
2002.06.29 00:02 B C:\Programme\Apache Group\Apache\htdocs\erinnerung\images\GruenewaldKreuzigungFertig.jpg --> www.kinnla.de /debug/images GruenewaldKreuzigungFertig.jpg
2002.06.29 00:02 B C:\Programme\Apache Group\Apache\htdocs\erinnerung\images\IstDerSchmerzInDirDigimarc.gif --> www.kinnla.de /debug/images IstDerSchmerzInDirDigimarc.gif
2002.06.29 00:02 B C:\Programme\Apache Group\Apache\htdocs\erinnerung\images\Kapseleinschlag.jpg --> www.kinnla.de /debug/images Kapseleinschlag.jpg
2002.06.29 00:02 B C:\Programme\Apache Group\Apache\htdocs\erinnerung\images\landmine.gif --> www.kinnla.de /debug/images landmine.gif
2002.06.29 00:02 B C:\Programme\Apache Group\Apache\htdocs\erinnerung\images\LS-Blau.jpg --> www.kinnla.de /debug/images LS-Blau.jpg
2002.06.29 00:03 B C:\Programme\Apache Group\Apache\htdocs\erinnerung\images\LS-BW.jpg --> www.kinnla.de /debug/images LS-BW.jpg
2002.06.29 00:03 B C:\Programme\Apache Group\Apache\htdocs\erinnerung\images\LS-Gruen.jpg --> www.kinnla.de /debug/images LS-Gruen.jpg
2002.06.29 00:03 B C:\Programme\Apache Group\Apache\htdocs\erinnerung\images\LS-Invers-BW.jpg --> www.kinnla.de /debug/images LS-Invers-BW.jpg
2002.06.29 00:03 B C:\Programme\Apache Group\Apache\htdocs\erinnerung\images\LS-Invers-Gruen.jpg --> www.kinnla.de /debug/images LS-Invers-Gruen.jpg
2002.06.29 00:03 B C:\Programme\Apache Group\Apache\htdocs\erinnerung\images\LS-Rot.jpg --> www.kinnla.de /debug/images LS-Rot.jpg
2002.06.29 00:03 B C:\Programme\Apache Group\Apache\htdocs\erinnerung\images\M-k-n-mit-ihnen.jpg --> www.kinnla.de /debug/images M-k-n-mit-ihnen.jpg
2002.06.29 00:03 B C:\Programme\Apache Group\Apache\htdocs\erinnerung\images\MarquisDeSadeFertig.gif --> www.kinnla.de /debug/images MarquisDeSadeFertig.gif
2002.06.29 00:03 B C:\Programme\Apache Group\Apache\htdocs\erinnerung\images\Maske.gif --> www.kinnla.de /debug/images Maske.gif
2002.06.29 00:03 B C:\Programme\Apache Group\Apache\htdocs\erinnerung\images\NeuRoh.jpg --> www.kinnla.de /debug/images NeuRoh.jpg
2002.06.29 00:03 B C:\Programme\Apache Group\Apache\htdocs\erinnerung\images\Pfeil-HerzDigimarc.jpg --> www.kinnla.de /debug/images Pfeil-HerzDigimarc.jpg
2002.06.29 00:03 B C:\Programme\Apache Group\Apache\htdocs\erinnerung\images\PulsaderFertig.jpg --> www.kinnla.de /debug/images PulsaderFertig.jpg
2002.06.29 00:03 B C:\Programme\Apache Group\Apache\htdocs\erinnerung\images\R-Schaedel-Haende.jpg --> www.kinnla.de /debug/images R-Schaedel-Haende.jpg
2002.06.29 00:03 B C:\Programme\Apache Group\Apache\htdocs\erinnerung\images\Rohrschacht.gif --> www.kinnla.de /debug/images Rohrschacht.gif
2002.06.29 00:03 B C:\Programme\Apache Group\Apache\htdocs\erinnerung\images\Rueckenschmerz.jpg --> www.kinnla.de /debug/images Rueckenschmerz.jpg
2002.06.29 00:03 B C:\Programme\Apache Group\Apache\htdocs\erinnerung\images\Scherbengesicht.gif --> www.kinnla.de /debug/images Scherbengesicht.gif
2002.06.29 00:03 B C:\Programme\Apache Group\Apache\htdocs\erinnerung\images\SchmetterlingskindDigimarc.gif --> www.kinnla.de /debug/images SchmetterlingskindDigimarc.gif
2002.06.29 00:03 B C:\Programme\Apache Group\Apache\htdocs\erinnerung\images\SchwesterDerLustDigimarc.gif --> www.kinnla.de /debug/images SchwesterDerLustDigimarc.gif
2002.06.29 00:03 B C:\Programme\Apache Group\Apache\htdocs\erinnerung\images\SpaltDigimarc.gif --> www.kinnla.de /debug/images SpaltDigimarc.gif
2002.06.29 00:03 B C:\Programme\Apache Group\Apache\htdocs\erinnerung\images\SpritzeDigimarc.gif --> www.kinnla.de /debug/images SpritzeDigimarc.gif
2002.06.29 00:03 B C:\Programme\Apache Group\Apache\htdocs\erinnerung\images\StacheldrahtBauch.gif --> www.kinnla.de /debug/images StacheldrahtBauch.gif
2002.06.29 00:03 B C:\Programme\Apache Group\Apache\htdocs\erinnerung\images\Steckdose.gif --> www.kinnla.de /debug/images Steckdose.gif
2002.06.29 00:03 B C:\Programme\Apache Group\Apache\htdocs\erinnerung\images\Tabasco.gif --> www.kinnla.de /debug/images Tabasco.gif
2002.06.29 00:03 B C:\Programme\Apache Group\Apache\htdocs\erinnerung\images\TreppeRuntergefallen.gif --> www.kinnla.de /debug/images TreppeRuntergefallen.gif
2002.06.29 00:03 B C:\Programme\Apache Group\Apache\htdocs\erinnerung\images\u-m-k-n-ohne-sie.jpg --> www.kinnla.de /debug/images u-m-k-n-ohne-sie.jpg
2002.06.29 00:03 B C:\Programme\Apache Group\Apache\htdocs\erinnerung\images\VerDigimarc.gif --> www.kinnla.de /debug/images VerDigimarc.gif
2002.06.29 00:03 B C:\Programme\Apache Group\Apache\htdocs\erinnerung\images\WS_FTP.LOG --> www.kinnla.de /debug/images WS_FTP.LOG
